-------------------------------------------------------------------------------
Test set: com.aboneSepeti.runners.TestRunner
-------------------------------------------------------------------------------
Tests run: 1, Failures: 0, Errors: 1, Skipped: 0, Time elapsed: 10.14 s <<< FAILURE! -- in com.aboneSepeti.runners.TestRunner
Fatura Takibi Sayfası Kontrolü.Aboneliklerini Yönet üzerinden Fatura Takibi sayfasına erişim -- Time elapsed: 9.510 s <<< ERROR!
java.lang.RuntimeException: Abonelik veya fatura sayfasına erişilemedi!
	at com.aboneSepeti.stepDefinitions.FaturaTakibiSteps.kullaniciAbonelikleriniYonetButonunaTiklar(FaturaTakibiSteps.java:119)
	at ✽.kullanıcı Aboneliklerini Yönet butonuna tıklar(file:///C:/Users/Azim%20Kaya/Desktop/Abone%20Sepeti/src/test/resources/features/faturaTakibi.feature:6)

