<?xml version="1.0" encoding="UTF-8"?>
<testsuite xmlns:xsi="http://www.w3.org/2001/XMLSchema-instance" xsi:noNamespaceSchemaLocation="https://maven.apache.org/surefire/maven-surefire-plugin/xsd/surefire-test-report-3.0.xsd" version="3.0" name="com.aboneSepeti.runners.TestRunner" time="10.141" tests="1" errors="1" skipped="0" failures="0">
  <properties>
[...]
</properties>
  <testcase name="Aboneliklerini Yönet üzerinden Fatura Takibi sayfasına erişim" classname="Fatura Takibi Sayfası Kontrolü" time="9.51">
    <error message="Abonelik veya fatura sayfasına erişilemedi!" type="java.lang.RuntimeException"><![CDATA[java.lang.RuntimeException: Abonelik veya fatura sayfasına erişilemedi!
	at com.aboneSepeti.stepDefinitions.FaturaTakibiSteps.kullaniciAbonelikleriniYonetButonunaTiklar(FaturaTakibiSteps.java:119)
	at ✽.kullanıcı Aboneliklerini Yönet butonuna tıklar(file:///C:/Users/Azim%20Kaya/Desktop/Abone%20Sepeti/src/test/resources/features/faturaTakibi.feature:6)
]]></error>
    <system-out><![CDATA[
Senaryo: Aboneliklerini YÃ¶net Ã¼zerinden Fatura Takibi sayfasÄ±na eriÅŸim # src/test/resources/features/faturaTakibi.feature:4
Ana sayfa açıldı. URL: https://abonesepeti.com/tr

Sayfadaki tüm butonlar ve linkler:
Element text: 
Element class: flex flex-col items-center justify-center gap-1 h-20 px-6 -ml-4 md:hidden
Element href: null
---
Element text: 
Element class: 
Element href: https://abonesepeti.com/
---
Element text: 
Element class: rounded-md px8 sm:p-4 p-2 hover:bg-stone-50 dark:hover:bg-stone-950 transition-all ease-out flex gap-4
Element href: https://abonesepeti.com/ozellikler/aboneliklerini-yonet
---
Element text: 
Element class: rounded-md px8 sm:p-4 p-2 hover:bg-stone-50 dark:hover:bg-stone-950 transition-all ease-out flex gap-4
Element href: https://abonesepeti.com/ozellikler/yeni-abonelik-baslat
---
Element text: 
Element class: rounded-md px8 sm:p-4 p-2 hover:bg-stone-50 dark:hover:bg-stone-950 transition-all ease-out flex gap-4
Element href: https://abonesepeti.com/ozellikler/fatura-takibi
---
Element text: 
Element class: rounded-md px8 sm:p-4 p-2 hover:bg-stone-50 dark:hover:bg-stone-950 transition-all ease-out flex gap-4
Element href: https://abonesepeti.com/ozellikler/kolay-iptal
---
Element text: 
Element class: rounded-md px8 sm:p-4 p-2 hover:bg-stone-50 dark:hover:bg-stone-950 transition-all ease-out flex gap-4
Element href: https://abonesepeti.com/ozellikler/harcama-ozeti
---
Element text: 
Element class: rounded-md px8 sm:p-4 p-2 hover:bg-stone-50 dark:hover:bg-stone-950 transition-all ease-out flex gap-4
Element href: https://abonesepeti.com/ozellikler/cuzdan
---
Element text: 
Element class: rounded-md px8 sm:p-4 p-2 hover:bg-stone-50 dark:hover:bg-stone-950 transition-all ease-out flex gap-4
Element href: https://abonesepeti.com/ozellikler/otomatik-pilot
---
Element text: 
Element class: rounded-md px8 sm:p-4 p-2 hover:bg-stone-50 dark:hover:bg-stone-950 transition-all ease-out flex gap-4
Element href: https://abonesepeti.com/ozellikler/daha-fazlasi
---
Element text: 
Element class: rounded-md px8 sm:p-4 p-2 hover:bg-stone-50 dark:hover:bg-stone-950 transition-all ease-out flex gap-4
Element href: https://app.abonesepeti.com/login?redirect=/subscriptions
---
Element text: 
Element class: rounded-md px8 sm:p-4 p-2 hover:bg-stone-50 dark:hover:bg-stone-950 transition-all ease-out flex gap-4
Element href: https://app.abonesepeti.com/login?redirect=/comparison/institution
---
Element text: 
Element class: rounded-md px8 sm:p-4 p-2 hover:bg-stone-50 dark:hover:bg-stone-950 transition-all ease-out flex gap-4
Element href: https://app.abonesepeti.com/login?redirect=/bills
---
Element text: 
Element class: rounded-md px8 sm:p-4 p-2 hover:bg-stone-50 dark:hover:bg-stone-950 transition-all ease-out flex gap-4
Element href: https://app.abonesepeti.com/login?redirect=/insurance
---
Element text: 
Element class: rounded-md px8 sm:p-4 p-2 hover:bg-stone-50 dark:hover:bg-stone-950 transition-all ease-out flex gap-4
Element href: https://app.abonesepeti.com/login?redirect=/load-money
---
Element text: 
Element class: rounded-md px8 sm:p-4 p-2 hover:bg-stone-50 dark:hover:bg-stone-950 transition-all ease-out flex gap-4
Element href: https://app.abonesepeti.com/login?redirect=/try-on-app
---
Element text: 
Element class: rounded-md px8 sm:p-4 p-2 hover:bg-stone-50 dark:hover:bg-stone-950 transition-all ease-out flex gap-4
Element href: https://app.abonesepeti.com/login?redirect=/easy-cancellation
---
Element text: 
Element class: rounded-md px8 sm:p-4 p-2 hover:bg-stone-50 dark:hover:bg-stone-950 transition-all ease-out flex gap-4
Element href: https://444dergi.com/
---
Element text: Blog
Element class: md:h-20 grid md:place-items-center whitespace-nowrap
Element href: https://abonesepeti.com/tr/blog
---
Element text: Biz Kimiz
Element class: md:h-20 grid md:place-items-center whitespace-nowrap
Element href: https://abonesepeti.com/tr/biz-kimiz
---
Element text: Uygulamaya Git
Element class: whitespace-nowrap p-2 md:px-6 bg-primary-500 text-white rounded-full shadow-inset drop-shadow-md max-md:mx-2
Element href: https://app.abonesepeti.com/
---
Element text: Hemen Ücretsiz İndir
Element class: bg-primary-500 text-white px-4 py-3 rounded-xl block w-60 text-center shadow-inner shadow-primary-600 drop-shadow-lg hover:scale-105 transition-all ease-out
Element href: https://abonesepeti.com/tr/yukle
---
Element text: Android
Element class: text-lg whitespace-nowrap
Element href: https://abonesepeti.com/download
---
Element text: iOS
Element class: text-lg whitespace-nowrap
Element href: https://abonesepeti.com/download
---
Element text: Huawei
Element class: text-lg whitespace-nowrap
Element href: https://abonesepeti.com/download
---
Element text: Windows
Element class: text-lg whitespace-nowrap
Element href: https://abonesepeti.com/download
---
Element text: Mac OS
Element class: text-lg whitespace-nowrap
Element href: https://abonesepeti.com/download
---
Element text: Linux
Element class: text-lg whitespace-nowrap
Element href: https://abonesepeti.com/download
---
Element text: BSD
Element class: text-lg whitespace-nowrap
Element href: https://abonesepeti.com/download
---
Element text: 
Element class: 
Element href: https://play.google.com/store/apps/details?id=com.abonesepeti.app
---
Element text: 
Element class: 
Element href: https://apps.apple.com/tr/app/abonesepeti-abonelik-y%C3%B6netimi/id1603237503
---
Element text: 
Element class: 
Element href: https://appgallery.huawei.com/app/C110943543
---
Element text: Fintek pazarında global bir oyuncu olmayı hedefliyoruz
Tüm aboneliklerinizi kolayca yönetin, avantajlı fırsatlardan yararlanın ve zaman kazanın!
Element class: flex gap-4 max-xs:flex-col bg-stone-100 dark:bg-stone-800 p-4 rounded-lg
Element href: https://abonesepeti.com/tr/we-in-press/fintek-pazarinda-global-bir-oyuncu-olmayi-hedefliyoruz
---
Element text: 
Element class: flex gap-4 max-xs:flex-col bg-stone-100 dark:bg-stone-800 p-4 rounded-lg
Element href: https://abonesepeti.com/tr/we-in-press/mukemmeliyeti-hedefliyoruz
---
Element text: 
Element class: flex gap-4 max-xs:flex-col bg-stone-100 dark:bg-stone-800 p-4 rounded-lg
Element href: https://abonesepeti.com/tr/we-in-press/abonesepeti-kadinin-katilimci-rolunu-destekliyor
---
Element text: 
Element class: flex gap-4 max-xs:flex-col bg-stone-100 dark:bg-stone-800 p-4 rounded-lg
Element href: https://abonesepeti.com/tr/we-in-press/pusula-dergisi
---
Element text: İnternet Altyapınızı Kontrol Ettiniz mi? Hızlı Bağlantının Anahtarı Burada!
Günümüzde hızlı ve kesintisiz bir internet bağlantısı, hem bireysel kullanıcılar hem de işletmeler için büyük bir gereklilik haline geldi. Ancak, bulunduğunuz bölgedeki internet hızını ve altyapısını bilmeden bir internet aboneliği seçmek, beklenmedik hız sorunlarıyla karşılaşmanıza neden olabilir. İşte tam da bu noktada altyapı sorgulaması devreye giriyor.
Element class: flex gap-4 max-xs:flex-col bg-stone-100 dark:bg-stone-800 p-4 rounded-lg
Element href: https://abonesepeti.com/tr/blog/internet-altyapinizi-kontrol-ettiniz-mi-hizli-baglantinin-anahtari-burada
---
Element text: 
Element class: flex gap-4 max-xs:flex-col bg-stone-100 dark:bg-stone-800 p-4 rounded-lg
Element href: https://abonesepeti.com/tr/blog/digiturk-fiber-internet-ile-hizli-ve-sinirsiz-eglencenin-keyfini-cikarin
---
Element text: 
Element class: flex gap-4 max-xs:flex-col bg-stone-100 dark:bg-stone-800 p-4 rounded-lg
Element href: https://abonesepeti.com/tr/blog/obilet-kullanicilarina-ozel-abonesepeti-nde-seyahat-avantajlari
---
Element text: 
Element class: flex gap-4 max-xs:flex-col bg-stone-100 dark:bg-stone-800 p-4 rounded-lg
Element href: https://abonesepeti.com/tr/blog/abonesepeti-ile-aboneliklerinizi-kolayca-yonetin
---
Element text: Biz Kimiz
Element class: hover:underline hover:underline-offset-4 py-1 transition-all underline-offset-8 decoration-transparent hover:decoration-current
Element href: https://abonesepeti.com/tr/biz-kimiz
---
Element text: Basında Biz
Element class: hover:underline hover:underline-offset-4 py-1 transition-all underline-offset-8 decoration-transparent hover:decoration-current
Element href: https://abonesepeti.com/tr/basinda-biz
---
Element text: Avantajlar
Element class: hover:underline hover:underline-offset-4 py-1 transition-all underline-offset-8 decoration-transparent hover:decoration-current
Element href: https://abonesepeti.com/tr/avantajlar
---
Element text: Kariyer
Element class: hover:underline hover:underline-offset-4 py-1 transition-all underline-offset-8 decoration-transparent hover:decoration-current
Element href: https://abonesepeti.com/tr/kariyer
---
Element text: Affiliate
Element class: hover:underline hover:underline-offset-4 py-1 transition-all underline-offset-8 decoration-transparent hover:decoration-current
Element href: https://abonesepeti.com/tr/ortaklik
---
Element text: İş Ortaklığı
Element class: hover:underline hover:underline-offset-4 py-1 transition-all underline-offset-8 decoration-transparent hover:decoration-current
Element href: https://abonesepeti.com/tr/is-ortakligi
---
Element text: S.S.S
Element class: hover:underline hover:underline-offset-4 py-1 transition-all underline-offset-8 decoration-transparent hover:decoration-current
Element href: https://abonesepeti.com/tr/sss
---
Element text: İletişim
Element class: hover:underline hover:underline-offset-4 py-1 transition-all underline-offset-8 decoration-transparent hover:decoration-current
Element href: https://abonesepeti.com/tr/iletisim
---
Element text: Yönet
Element class: hover:underline hover:underline-offset-4 py-1 transition-all underline-offset-8 decoration-transparent hover:decoration-current
Element href: https://app.abonesepeti.com/login?redirect=/subscriptions
---
Element text: Karşılaştır
Element class: hover:underline hover:underline-offset-4 py-1 transition-all underline-offset-8 decoration-transparent hover:decoration-current
Element href: https://app.abonesepeti.com/login?redirect=/comparison/institution
---
Element text: Fatura Öde
Element class: hover:underline hover:underline-offset-4 py-1 transition-all underline-offset-8 decoration-transparent hover:decoration-current
Element href: https://app.abonesepeti.com/login?redirect=/bills
---
Element text: Sigorta Teklifi Al
Element class: hover:underline hover:underline-offset-4 py-1 transition-all underline-offset-8 decoration-transparent hover:decoration-current
Element href: https://app.abonesepeti.com/login?redirect=/insurance
---
Element text: Kontör Yükle
Element class: hover:underline hover:underline-offset-4 py-1 transition-all underline-offset-8 decoration-transparent hover:decoration-current
Element href: https://app.abonesepeti.com/login?redirect=/load-money
---
Element text: Araç Kirala
Element class: hover:underline hover:underline-offset-4 py-1 transition-all underline-offset-8 decoration-transparent hover:decoration-current
Element href: https://app.abonesepeti.com/login?redirect=/try-on-app
---
Element text: Kolay İptal
Element class: hover:underline hover:underline-offset-4 py-1 transition-all underline-offset-8 decoration-transparent hover:decoration-current
Element href: https://app.abonesepeti.com/login?redirect=/easy-cancellation
---
Element text: Dergi Abonesi Ol
Element class: hover:underline hover:underline-offset-4 py-1 transition-all underline-offset-8 decoration-transparent hover:decoration-current
Element href: https://444dergi.com/
---
Element text: Adınıza Kayıtlı Abonelikler
Element class: hover:underline hover:underline-offset-4 py-1 transition-all underline-offset-8 decoration-transparent hover:decoration-current
Element href: https://www.turkiye.gov.tr/btk-mobil-sabit-internet-kablo-tv-uydu-isletmecilerinden-borc-ve-alacak-sorgulama
---
Element text: Altyapı Sorgulama
Element class: hover:underline hover:underline-offset-4 py-1 transition-all underline-offset-8 decoration-transparent hover:decoration-current
Element href: https://abonesepeti.com/tr/altyapi-sorgulama
---
Element text: İnternet Hız Testi
Element class: hover:underline hover:underline-offset-4 py-1 transition-all underline-offset-8 decoration-transparent hover:decoration-current
Element href: https://abonesepeti.com/hiz-testi
---
Element text: IP Adresim Nedir?
Element class: hover:underline hover:underline-offset-4 py-1 transition-all underline-offset-8 decoration-transparent hover:decoration-current
Element href: https://abonesepeti.com/tr/ip-adresim
---
Element text: Kayıt Ol
Element class: px-10 py-3 bg-primary-500 text-white rounded-l-full
Element href: null
---
Element text: 
Element class: text-blue-800 dark:text-blue-500 hover:scale-110 transition-all bg-stone-100 dark:bg-stone-800 rounded-full p-2
Element href: https://www.youtube.com/abonesepeti
---
Element text: 
Element class: text-blue-800 dark:text-blue-500 hover:scale-110 transition-all bg-stone-100 dark:bg-stone-800 rounded-full p-2
Element href: https://www.instagram.com/abonesepeti
---
Element text: 
Element class: text-blue-800 dark:text-blue-500 hover:scale-110 transition-all bg-stone-100 dark:bg-stone-800 rounded-full p-2
Element href: https://www.linkedin.com/company/abonesepeti/about/
---
Element text: 
Element class: text-blue-800 dark:text-blue-500 hover:scale-110 transition-all bg-stone-100 dark:bg-stone-800 rounded-full p-2
Element href: https://x.com/abonesepeti
---
Element text: 
Element class: text-blue-800 dark:text-blue-500 hover:scale-110 transition-all bg-stone-100 dark:bg-stone-800 rounded-full p-2
Element href: https://www.facebook.com/abonesepeti/
---
Element text: 
Element class: text-blue-800 dark:text-blue-500 hover:scale-110 transition-all bg-stone-100 dark:bg-stone-800 rounded-full p-2
Element href: https://abonesepeti.com/rss.xml
---
Element text: 
Element class: 
Element href: https://play.google.com/store/apps/details?id=com.abonesepeti.app
---
Element text: 
Element class: 
Element href: https://apps.apple.com/tr/app/abonesepeti-abonelik-y%C3%B6netimi/id1603237503
---
Element text: 
Element class: 
Element href: https://appgallery.huawei.com/app/C110943543
---
Element text: Kvkk Aydınlatma Metni
Element class: hover:underline underline-offset-4
Element href: https://abonesepeti.com/tr/pages/kvkk-aydinlatma-metni
---
Element text: Kullanıcı Sözleşmesi
Element class: hover:underline underline-offset-4
Element href: https://abonesepeti.com/tr/pages/kullanici-sozlesmesi
---
Element text: Gizlilik Politikası
Element class: hover:underline underline-offset-4
Element href: https://abonesepeti.com/tr/pages/gizlilik-politikasi
---
Element text: Ayarlar
Element class: p-3 rounded-xl shadow-md hover:shadow-none transition-all flex items-center justify-center gap-3 font-semibold text-center disabled:opacity-50 bg-transparent border-2 !text-primary-500 border-primary-500 bg-primary-500 text-primary-50
Element href: null
---
Element text: Kabul Et
Element class: p-3 rounded-xl shadow-md hover:shadow-none transition-all flex items-center justify-center gap-3 font-semibold text-center disabled:opacity-50 px-8 bg-primary-500 text-primary-50
Element href: null
---
Element text: 
Element class: absolute top-2 right-2 p-2 rounded-full hover:bg-red-500 hover:text-white bg-stone-200 dark:bg-stone-900 transition-all duration-300
Element href: null
---
Element text: 
Element class: 
Element href: https://abonesepeti.com/tr/pages/gizlilik-politikasi
---
Element text: 
Element class: p-3 rounded-xl shadow-md hover:shadow-none transition-all flex items-center justify-center gap-3 font-semibold text-center disabled:opacity-50 bg-transparent !text-red-500 border-2 border-red-500 bg-primary-500 text-primary-50
Element href: null
---
Element text: 
Element class: p-3 rounded-xl shadow-md hover:shadow-none transition-all flex items-center justify-center gap-3 font-semibold text-center disabled:opacity-50 px-8 bg-primary-500 text-primary-50
Element href: null
---
  Diyelim ki kullanÄ±cÄ± AboneSepeti ana sayfasÄ±nda                      # com.aboneSepeti.stepDefinitions.FaturaTakibiSteps.kullaniciAnaSayfada()
Aranan menu locator: By.cssSelector: [class*='account']
Bulunan element sayısı: 0
Aranan menu locator: By.cssSelector: [class*='login']
Bulunan element sayısı: 0
Aranan menu locator: By.cssSelector: [class*='user']
Bulunan element sayısı: 1
Menu element text: 
Menu element class: tabler-icon tabler-icon-user hidden max-md:block
Aranan menu locator: By.cssSelector: [class*='profile']
Bulunan element sayısı: 0
Aranan menu locator: By.xpath: //*[contains(text(), 'Giriş')]
Bulunan element sayısı: 0
Aranan menu locator: By.xpath: //*[contains(text(), 'Hesap')]
Bulunan element sayısı: 0
Aranan menu locator: By.xpath: //*[contains(text(), 'Üye')]
Bulunan element sayısı: 0
Hata oluştu: Abonelik veya fatura sayfasına erişilemedi!
  Ve kullanÄ±cÄ± Aboneliklerini YÃ¶net butonuna tÄ±klar                    # com.aboneSepeti.stepDefinitions.FaturaTakibiSteps.kullaniciAbonelikleriniYonetButonunaTiklar()
      java.lang.RuntimeException: Abonelik veya fatura sayfasÄ±na eriÅŸilemedi!
	at com.aboneSepeti.stepDefinitions.FaturaTakibiSteps.kullaniciAbonelikleriniYonetButonunaTiklar(FaturaTakibiSteps.java:119)
	at âœ½.kullanÄ±cÄ± Aboneliklerini YÃ¶net butonuna tÄ±klar(file:///C:/Users/Azim%20Kaya/Desktop/Abone%20Sepeti/src/test/resources/features/faturaTakibi.feature:6)

  O zaman Fatura Takibi sayfasÄ±nÄ±n aÃ§Ä±ldÄ±ÄŸÄ±nÄ± doÄŸrula                  # com.aboneSepeti.stepDefinitions.FaturaTakibiSteps.faturaTakibiSayfasininAcildiginiDogrula()
  O zaman tarayÄ±cÄ±yÄ± kapat                                             # com.aboneSepeti.stepDefinitions.FaturaTakibiSteps.tarayiciyiKapat()
]]></system-out>
    <system-err><![CDATA[SLF4J: No SLF4J providers were found.
SLF4J: Defaulting to no-operation (NOP) logger implementation
SLF4J: See https://www.slf4j.org/codes.html#noProviders for further details.
Oca 20, 2025 6:49:56 ÖS org.openqa.selenium.devtools.CdpVersionFinder findNearestMatch
WARNING: Unable to find CDP implementation matching 132
Oca 20, 2025 6:49:56 ÖS org.openqa.selenium.chromium.ChromiumDriver lambda$new$5
WARNING: Unable to find version of CDP to use for 132.0.6834.84. You may need to include a dependency on a specific version of the CDP using something similar to `org.seleniumhq.selenium:selenium-devtools-v86:4.16.1` where the version ("v86") matches the version of the chromium-based browser you're using and the version number of the artifact is the same as Selenium's.
java.lang.RuntimeException: Abonelik veya fatura sayfasına erişilemedi!
	at com.aboneSepeti.stepDefinitions.FaturaTakibiSteps.kullaniciAbonelikleriniYonetButonunaTiklar(FaturaTakibiSteps.java:119)
	at java.base/jdk.internal.reflect.NativeMethodAccessorImpl.invoke0(Native Method)
	at java.base/jdk.internal.reflect.NativeMethodAccessorImpl.invoke(NativeMethodAccessorImpl.java:77)
	at java.base/jdk.internal.reflect.DelegatingMethodAccessorImpl.invoke(DelegatingMethodAccessorImpl.java:43)
	at java.base/java.lang.reflect.Method.invoke(Method.java:568)
	at io.cucumber.java.Invoker.doInvoke(Invoker.java:66)
	at io.cucumber.java.Invoker.invoke(Invoker.java:24)
	at io.cucumber.java.AbstractGlueDefinition.invokeMethod(AbstractGlueDefinition.java:47)
	at io.cucumber.java.JavaStepDefinition.execute(JavaStepDefinition.java:29)
	at io.cucumber.core.runner.CoreStepDefinition.execute(CoreStepDefinition.java:66)
	at io.cucumber.core.runner.PickleStepDefinitionMatch.runStep(PickleStepDefinitionMatch.java:63)
	at io.cucumber.core.runner.ExecutionMode$1.execute(ExecutionMode.java:10)
	at io.cucumber.core.runner.TestStep.executeStep(TestStep.java:84)
	at io.cucumber.core.runner.TestStep.run(TestStep.java:56)
	at io.cucumber.core.runner.PickleStepTestStep.run(PickleStepTestStep.java:51)
	at io.cucumber.core.runner.TestCase.run(TestCase.java:84)
	at io.cucumber.core.runner.Runner.runPickle(Runner.java:75)
	at io.cucumber.junit.PickleRunners$NoStepDescriptions.lambda$run$0(PickleRunners.java:151)
	at io.cucumber.core.runtime.CucumberExecutionContext.lambda$runTestCase$5(CucumberExecutionContext.java:137)
	at io.cucumber.core.runtime.RethrowingThrowableCollector.executeAndThrow(RethrowingThrowableCollector.java:23)
	at io.cucumber.core.runtime.CucumberExecutionContext.runTestCase(CucumberExecutionContext.java:137)
	at io.cucumber.junit.PickleRunners$NoStepDescriptions.run(PickleRunners.java:148)
	at io.cucumber.junit.FeatureRunner.runChild(FeatureRunner.java:144)
	at io.cucumber.junit.FeatureRunner.runChild(FeatureRunner.java:28)
	at org.junit.runners.ParentRunner$4.run(ParentRunner.java:331)
	at org.junit.runners.ParentRunner$1.schedule(ParentRunner.java:79)
	at org.junit.runners.ParentRunner.runChildren(ParentRunner.java:329)
	at org.junit.runners.ParentRunner.access$100(ParentRunner.java:66)
	at org.junit.runners.ParentRunner$2.evaluate(ParentRunner.java:293)
	at org.junit.runners.ParentRunner$3.evaluate(ParentRunner.java:306)
	at org.junit.runners.ParentRunner.run(ParentRunner.java:413)
	at io.cucumber.junit.FeatureRunner.run(FeatureRunner.java:137)
	at io.cucumber.junit.Cucumber.runChild(Cucumber.java:196)
	at io.cucumber.junit.Cucumber.runChild(Cucumber.java:89)
	at org.junit.runners.ParentRunner$4.run(ParentRunner.java:331)
	at org.junit.runners.ParentRunner$1.schedule(ParentRunner.java:79)
	at org.junit.runners.ParentRunner.runChildren(ParentRunner.java:329)
	at org.junit.runners.ParentRunner.access$100(ParentRunner.java:66)
	at org.junit.runners.ParentRunner$2.evaluate(ParentRunner.java:293)
	at io.cucumber.core.runtime.CucumberExecutionContext.lambda$runFeatures$6(CucumberExecutionContext.java:148)
	at io.cucumber.core.runtime.CucumberExecutionContext.execute(CucumberExecutionContext.java:163)
	at io.cucumber.core.runtime.CucumberExecutionContext.runFeatures(CucumberExecutionContext.java:146)
	at io.cucumber.junit.Cucumber$StartAndFinishTestRun.evaluate(Cucumber.java:226)
	at org.junit.runners.ParentRunner$3.evaluate(ParentRunner.java:306)
	at org.junit.runners.ParentRunner.run(ParentRunner.java:413)
	at org.apache.maven.surefire.junit4.JUnit4Provider.execute(JUnit4Provider.java:316)
	at org.apache.maven.surefire.junit4.JUnit4Provider.executeWithRerun(JUnit4Provider.java:240)
	at org.apache.maven.surefire.junit4.JUnit4Provider.executeTestSet(JUnit4Provider.java:214)
	at org.apache.maven.surefire.junit4.JUnit4Provider.invoke(JUnit4Provider.java:155)
	at org.apache.maven.surefire.booter.ForkedBooter.runSuitesInProcess(ForkedBooter.java:385)
	at org.apache.maven.surefire.booter.ForkedBooter.execute(ForkedBooter.java:162)
	at org.apache.maven.surefire.booter.ForkedBooter.run(ForkedBooter.java:507)
	at org.apache.maven.surefire.booter.ForkedBooter.main(ForkedBooter.java:495)
]]></system-err>
  </testcase>
</testsuite>