<?xml version="1.0" encoding="UTF-8"?>
<testsuite xmlns:xsi="http://www.w3.org/2001/XMLSchema-instance" xsi:noNamespaceSchemaLocation="https://maven.apache.org/surefire/maven-surefire-plugin/xsd/surefire-test-report-3.0.xsd" version="3.0" name="com.aboneSepeti.runners.TestRunner" time="61.533" tests="1" errors="0" skipped="0" failures="1">
  <properties>
[...]
</properties>
  <testcase name="Header butonlarının çalışması kontrolü" classname="Header butonları fonksiyonları" time="60.629">
    <failure message="URL özellikler içermiyor: https://abonesepeti.com/tr" type="java.lang.AssertionError"><![CDATA[java.lang.AssertionError: URL özellikler içermiyor: https://abonesepeti.com/tr
	at org.junit.Assert.fail(Assert.java:89)
	at org.junit.Assert.assertTrue(Assert.java:42)
	at com.aboneSepeti.stepDefinitions.HeaderButonlariSteps.ozelliklerSayfasininAcildiginiDogrula(HeaderButonlariSteps.java:140)
	at ✽.Özellikler sayfasının açıldığını doğrula(file:///C:/Users/Azim%20Kaya/Desktop/Abone%20Sepeti/src/test/resources/features/headerButonlari.feature:8)
]]></failure>
    <system-out><![CDATA[
Senaryo: Header butonlarÄ±nÄ±n Ã§alÄ±ÅŸmasÄ± kontrolÃ¼    &amp#27;[90m# src/test/resources/features/headerButonlari.feature:5&amp#27;[0m
Ana sayfa açıldı. URL: https://abonesepeti.com/tr
  &amp#27;[32mDiyelim ki &amp#27;[0m&amp#27;[32mkullanÄ±cÄ± AboneSepeti ana sayfasÄ±nda&amp#27;[0m  &amp#27;[90m# com.aboneSepeti.stepDefinitions.FaturaTakibiSteps.kullaniciAnaSayfada()&amp#27;[0m
Sayfa HTML:
<html lang="tr"><head><meta charset="utf-8"><meta name="viewport" content="width=device-width, height=device-height, initial-scale=1, viewport-fit=cover, user-scalable=yes, interactive-widget=resizes-visual"><link rel="preload" href="/_next/static/media/c22ccc5eb58b83e1-s.p.woff2" as="font" crossorigin="" type="font/woff2"><link rel="stylesheet" href="/_next/static/css/a2ab61805fea24e0.css" data-precedence="next"><link rel="stylesheet" href="/_next/static/css/8a2f27c33f393776.css" data-precedence="next"><link rel="stylesheet" href="/_next/static/css/b32e97156acc2cec.css" data-precedence="next"><link rel="stylesheet" href="/_next/static/css/15a460f12b20e8b4.css" data-precedence="next"><link rel="preload" as="script" fetchpriority="low" href="/_next/static/chunks/webpack-3a6eac2a366ee7ad.js"><script src="/_next/static/chunks/4bd1b696-87c773e04b532923.js" async=""></script><script src="/_next/static/chunks/1517-239f660acefa3389.js" async=""></script><script src="/_next/static/chunks/main-app-efbdcbd28c3c2029.js" async=""></script><script src="/_next/static/chunks/app/global-error-e4664e6a40878e41.js" async=""></script><script src="/_next/static/chunks/7970-880924e10cedcf92.js" async=""></script><script src="/_next/static/chunks/6066-a2c0f9d0162f3424.js" async=""></script><script src="/_next/static/chunks/app/%5Blocale%5D/(campaigns)/layout-dbfde674d799e1a7.js" async=""></script><script src="/_next/static/chunks/1973-f06dc1d598ab0a9c.js" async=""></script><script src="/_next/static/chunks/app/%5Blocale%5D/(allOther)/page-a0c3bd68e4cfdf09.js" async=""></script><meta name="next-size-adjust" content=""><meta name="theme-color" media="(prefers-color-scheme: light)" content="#ffffff"><meta name="theme-color" media="(prefers-color-scheme: dark)" content="#292524"><meta name="color-scheme" content="light dark"><title>Abonesepeti | Zamandan ve Paradan Tasarruf Et</title><meta name="description" content="Abonesepeti, abonelik hizmetlerini tek bir platformda toplar size zaman ve para kazandırır."><meta name="application-name" content="Abonesepeti"><link rel="manifest" href="/manifest.json"><meta name="generator" content="Abonesepeti"><meta name="keywords" content="abonelik, hizmet, para, tasarruf, internet, su, telefon, elektrik, doğalgaz, fatura, ödeme"><meta name="referrer" content="no-referrer"><meta name="creator" content="Abonesepeti"><meta name="publisher" content="Abonesepeti"><meta name="robots" content="index, follow"><meta name="category" content="Fintech"><meta name="classification" content="Fintech"><link rel="canonical" href="https://abonesepeti.com/tr"><link rel="alternate" hreflang="en" href="https://abonesepeti.com/en"><link rel="alternate" hreflang="tr" href="https://abonesepeti.com/tr"><meta name="mobile-web-app-capable" content="yes"><meta name="apple-mobile-web-app-title" content="Abonesepeti"><meta name="apple-mobile-web-app-status-bar-style" content="default"><meta property="og:determiner" content="the"><meta property="og:title" content="Abonesepeti"><meta property="og:description" content="Abonesepeti, abonelik hizmetlerini tek bir platformda toplar size zaman ve para kazandırır."><meta property="og:url" content="https://abonesepeti.com"><meta property="og:site_name" content="Abonesepeti"><meta property="og:locale" content="tr_TR"><meta property="og:country_name" content="Turkey"><meta property="og:ttl" content="90"><meta property="og:image:alt" content="Abonesepeti"><meta property="og:image:height" content="630"><meta property="og:image:width" content="1200"><meta property="og:image" content="https://abonesepeti.com/assets/images/opengraph.png"><meta property="og:video" content="https://www.youtube.com/watch?v=hzLshjJZw8w"><meta property="og:email" content="info@abonesepeti.com"><meta property="og:phone_number" content="+90 212 809 00 00"><meta property="og:fax_number" content="+90 212 951 00 56"><meta property="og:type" content="website"><meta name="twitter:card" content="summary"><meta name="twitter:site" content="@abonesepeti"><meta name="twitter:site:id" content="@abonesepeti"><meta name="twitter:creator" content="@abonesepeti"><meta name="twitter:creator:id" content="@abonesepeti"><meta name="twitter:title" content="Abonesepeti"><meta name="twitter:description" content="Abonesepeti, abonelik hizmetlerini tek bir platformda toplar size zaman ve para kazandırır."><meta name="twitter:image:alt" content="Abonesepeti"><meta name="twitter:image:height" content="630"><meta name="twitter:image:width" content="1200"><meta name="twitter:image" content="https://abonesepeti.com/assets/images/opengraph.png"><meta property="al:ios:url" content="https://apps.apple.com/tr/app/abonesepeti-abonelik-y%C3%B6netimi/id1603237503"><meta property="al:ios:app_store_id" content="1603237503"><meta property="al:ios:app_name" content="Abonesepeti"><meta property="al:android:url" content="https://play.google.com/store/apps/details?id=com.abonesepeti.app"><meta property="al:android:package" content="com.abonesepeti.app"><meta property="al:android:app_name" content="Abonesepeti"><meta property="al:android:class" content="com.abonesepeti.app.MainActivity"><meta property="al:web:url" content="https://app.abonesepeti.com"><link rel="icon" href="/android-chrome-192x192.png" sizes="192x192" type="image/png"><link rel="icon" href="/android-chrome-512x512.png" sizes="512x512" type="image/png"><link rel="icon" href="/apple-touch-icon.png" sizes="180x180" type="image/png"><link rel="icon" href="/favicon-16x16.png" sizes="16x16" type="image/png"><link rel="icon" href="/favicon-32x32.png" sizes="32x32" type="image/png"><link rel="icon" href="/favicon.ico" sizes="32x32 48x48" type="/favicon.ico"><script src="/_next/static/chunks/polyfills-42372ed130431b0a.js" nomodule=""></script><style id="_goober"> @keyframes go2264125279{from{transform:scale(0) rotate(45deg);opacity:0;}to{transform:scale(1) rotate(45deg);opacity:1;}}@keyframes go3020080000{from{transform:scale(0);opacity:0;}to{transform:scale(1);opacity:1;}}@keyframes go463499852{from{transform:scale(0) rotate(90deg);opacity:0;}to{transform:scale(1) rotate(90deg);opacity:1;}}@keyframes go1268368563{from{transform:rotate(0deg);}to{transform:rotate(360deg);}}@keyframes go1310225428{from{transform:scale(0) rotate(45deg);opacity:0;}to{transform:scale(1) rotate(45deg);opacity:1;}}@keyframes go651618207{0%{height:0;width:0;opacity:0;}40%{height:0;width:6px;opacity:1;}100%{opacity:1;height:10px;}}@keyframes go901347462{from{transform:scale(0.6);opacity:0.4;}to{transform:scale(1);opacity:1;}}.go4109123758{z-index:9999;}.go4109123758 > *{pointer-events:auto;}</style><style type="text/css">.rfm-marquee-container {
  overflow-x: hidden;
  display: flex;
  flex-direction: row;
  position: relative;
  width: var(--width);
  transform: var(--transform);
}
.rfm-marquee-container:hover div {
  animation-play-state: var(--pause-on-hover);
}
.rfm-marquee-container:active div {
  animation-play-state: var(--pause-on-click);
}

.rfm-overlay {
  position: absolute;
  width: 100%;
  height: 100%;
}
.rfm-overlay::before, .rfm-overlay::after {
  background: linear-gradient(to right, var(--gradient-color), rgba(255, 255, 255, 0));
  content: "";
  height: 100%;
  position: absolute;
  width: var(--gradient-width);
  z-index: 2;
  pointer-events: none;
  touch-action: none;
}
.rfm-overlay::after {
  right: 0;
  top: 0;
  transform: rotateZ(180deg);
}
.rfm-overlay::before {
  left: 0;
  top: 0;
}

.rfm-marquee {
  flex: 0 0 auto;
  min-width: var(--min-width);
  z-index: 1;
  display: flex;
  flex-direction: row;
  align-items: center;
  animation: scroll var(--duration) linear var(--delay) var(--iteration-count);
  animation-play-state: var(--play);
  animation-delay: var(--delay);
  animation-direction: var(--direction);
}
@keyframes scroll {
  0% {
    transform: translateX(0%);
  }
  100% {
    transform: translateX(-100%);
  }
}

.rfm-initial-child-container {
  flex: 0 0 auto;
  display: flex;
  min-width: auto;
  flex-direction: row;
  align-items: center;
}

.rfm-child {
  transform: var(--transform);
}</style></head><body class="__className_b1bcfb" style="overflow: auto;"><div id="_rht_toaster" style="position:fixed;z-index:9999;top:16px;left:16px;right:16px;bottom:16px;pointer-events:none"></div><header class="fixed top-0 left-0 right-0 bg-white dark:bg-stone-800 z-20 shadow-md"><div class="flex items-center justify-between py-0 px-4 mx-auto animate-fade-in max-w-screen-xl"><button aria-label="Toggle menu" class="flex flex-col items-center justify-center gap-1 h-20 px-6 -ml-4 md:hidden" name="hamburger-menu"><div class="w-8 h-0.5 rounded-full bg-black dark:bg-white transition-all"></div><div class="w-8 h-0.5 rounded-full bg-black dark:bg-white transition-all"></div><div class="w-8 h-0.5 rounded-full bg-black dark:bg-white transition-all"></div></button><a href="/"><img alt="Logo" loading="lazy" width="232" height="57" decoding="async" data-nimg="1" class="dark:brightness-0 dark:invert h-20 max-md:w-40" style="color:transparent" src="/assets/brand/logo.svg"></a><nav class="max-md:overflow-auto flex max-md:flex-col max-md:fixed max-md:inset-0 max-md:top-20 max-md:bg-white max-md:dark:bg-stone-800 max-md:backdrop-blur-md max-md:bg-opacity-85 max-md:dark:bg-opacity-85 transition-all max-md:-translate-x-full max-md:opacity-0"><div><span class="md:h-20 whitespace-nowrap flex items-center justify-between cursor-pointer hover:text-primary-500 max-md:px-8 p-3 gap-1 md:justify-center"><span class="rounded-full transition-all ease-out font-medium">Özellikler</span><svg xmlns="http://www.w3.org/2000/svg" width="20" height="20" viewBox="0 0 24 24" fill="none" stroke="currentColor" stroke-width="2" stroke-linecap="round" stroke-linejoin="round" class="tabler-icon tabler-icon-chevron-down transition-all"><path d="M6 9l6 6l6 -6"></path></svg></span><div class="md:absolute top-20 inset-0 bg-black bg-opacity-20 z-10 transition-all max-md:grid max-md:overflow-hidden max-md:grid-rows-[0fr] md:pointer-events-none md:opacity-0"><nav class="max-md:overflow-hidden w-full bg-white dark:bg-stone-900 backdrop-blur-md bg-opacity-75 gap-2 grid grid-cols-1 sm:grid-cols-2 md:p-4 max-md:px-2 md:shadow-lg md:backdrop-blur-lg sm:gap-4 md:rounded-b-xl dark:bg-opacity-85 transition-all max-w-screen-md mx-auto md:opacity-0 md:pointer-events-none"><a class="rounded-md px8 sm:p-4 p-2 hover:bg-stone-50 dark:hover:bg-stone-950 transition-all ease-out flex gap-4" href="/ozellikler/aboneliklerini-yonet"><img alt="Aboneliklerini Yönet" loading="lazy" width="48" height="48" decoding="async" data-nimg="1" class="dark:invert aspect-square md:w-12 md:h-12 w-6 h-6" style="color:transparent" src="/assets/icons/manage-subscriptions.svg"><div><strong class="font-medium">Aboneliklerini Yönet</strong><p class="max-md:hidden text-sm mt-2 max-w-sm text-stone-500 dark:text-stone-400">Tüm aboneliklerinizi tek bir yerden planlayın, izleyin ve optimize edin.</p></div></a><a class="rounded-md px8 sm:p-4 p-2 hover:bg-stone-50 dark:hover:bg-stone-950 transition-all ease-out flex gap-4" href="/ozellikler/yeni-abonelik-baslat"><img alt="Yeni Abonelik Başlat" loading="lazy" width="48" height="48" decoding="async" data-nimg="1" class="dark:invert aspect-square md:w-12 md:h-12 w-6 h-6" style="color:transparent" src="/assets/icons/start-new-subscription.svg"><div><strong class="font-medium">Yeni Abonelik Başlat</strong><p class="max-md:hidden text-sm mt-2 max-w-sm text-stone-500 dark:text-stone-400">Karşılaştırın! Avantajlı aboneliğini başlatın, paranız cebinizde kalsın.</p></div></a><a class="rounded-md px8 sm:p-4 p-2 hover:bg-stone-50 dark:hover:bg-stone-950 transition-all ease-out flex gap-4" href="/ozellikler/fatura-takibi"><img alt="Fatura Takibi" loading="lazy" width="48" height="48" decoding="async" data-nimg="1" class="dark:invert aspect-square md:w-12 md:h-12 w-6 h-6" style="color:transparent" src="/assets/icons/bill-payment.svg"><div><strong class="font-medium">Fatura Takibi</strong><p class="max-md:hidden text-sm mt-2 max-w-sm text-stone-500 dark:text-stone-400">Bütün kurumların faturalarını tek bir ekrandan kolayca ödeyin. İşiniz aksamasın.</p></div></a><a class="rounded-md px8 sm:p-4 p-2 hover:bg-stone-50 dark:hover:bg-stone-950 transition-all ease-out flex gap-4" href="/ozellikler/kolay-iptal"><img alt="Kolay İptal" loading="lazy" width="48" height="48" decoding="async" data-nimg="1" class="dark:invert aspect-square md:w-12 md:h-12 w-6 h-6" style="color:transparent" src="/assets/icons/easy-cancellation.svg"><div><strong class="font-medium">Kolay İptal</strong><p class="max-md:hidden text-sm mt-2 max-w-sm text-stone-500 dark:text-stone-400">İhtiyacınız olmayan abonelikler için ödeme yapmayı bırakın. Kullanmadığınız aboneliğinizi kolayca iptal edin.</p></div></a><a class="rounded-md px8 sm:p-4 p-2 hover:bg-stone-50 dark:hover:bg-stone-950 transition-all ease-out flex gap-4" href="/ozellikler/harcama-ozeti"><img alt="Harcama Özeti" loading="lazy" width="48" height="48" decoding="async" data-nimg="1" class="dark:invert aspect-square md:w-12 md:h-12 w-6 h-6" style="color:transparent" src="/assets/icons/spending-summary.svg"><div><strong class="font-medium">Harcama Özeti</strong><p class="max-md:hidden text-sm mt-2 max-w-sm text-stone-500 dark:text-stone-400">Paranızın nereye gittiğini ve bunu nasıl iyileştirebileceğimizi görün. Gereksiz masrafları fark edin.</p></div></a><a class="rounded-md px8 sm:p-4 p-2 hover:bg-stone-50 dark:hover:bg-stone-950 transition-all ease-out flex gap-4" href="/ozellikler/cuzdan"><img alt="Cüzdan" loading="lazy" width="48" height="48" decoding="async" data-nimg="1" class="dark:invert aspect-square md:w-12 md:h-12 w-6 h-6" style="color:transparent" src="/assets/icons/wallet.svg"><div><strong class="font-medium">Cüzdan</strong><p class="max-md:hidden text-sm mt-2 max-w-sm text-stone-500 dark:text-stone-400">Ödeme işlemlerinizi güvenli, hızlı ve kolay bir şekilde gerçekleştirin. Bütçenizi kontrol altına alın.</p></div></a><a class="rounded-md px8 sm:p-4 p-2 hover:bg-stone-50 dark:hover:bg-stone-950 transition-all ease-out flex gap-4" href="/ozellikler/otomatik-pilot"><img alt="Otomatik Pilot Tasarrufu" loading="lazy" width="48" height="48" decoding="async" data-nimg="1" class="dark:invert aspect-square md:w-12 md:h-12 w-6 h-6" style="color:transparent" src="/assets/icons/auto-pilot.svg"><div><strong class="font-medium">Otomatik Pilot Tasarrufu</strong><p class="max-md:hidden text-sm mt-2 max-w-sm text-stone-500 dark:text-stone-400">Hiç düşünmeden tasarruf etmek için otomatik pilotu açın. Daha fazla tasarruf edin, daha az harcayın.</p></div></a><a class="rounded-md px8 sm:p-4 p-2 hover:bg-stone-50 dark:hover:bg-stone-950 transition-all ease-out flex gap-4" href="/ozellikler/daha-fazlasi"><img alt="Daha Fazlası" loading="lazy" width="48" height="48" decoding="async" data-nimg="1" class="dark:invert aspect-square md:w-12 md:h-12 w-6 h-6" style="color:transparent" src="/assets/icons/more.svg"><div><strong class="font-medium">Daha Fazlası</strong><p class="max-md:hidden text-sm mt-2 max-w-sm text-stone-500 dark:text-stone-400">Sigorta Teklifi Al, Uygun Araç Kirala, Kredi Seçeneklerini Gör, İndirimli Dergi Abonesi Ol ve Daha fazlasını keşfet…</p></div></a></nav></div></div><div><span class="md:h-20 whitespace-nowrap flex items-center justify-between cursor-pointer hover:text-primary-500 max-md:px-8 p-3 gap-1 md:justify-center"><span class="rounded-full transition-all ease-out font-medium">Çözümler</span><svg xmlns="http://www.w3.org/2000/svg" width="20" height="20" viewBox="0 0 24 24" fill="none" stroke="currentColor" stroke-width="2" stroke-linecap="round" stroke-linejoin="round" class="tabler-icon tabler-icon-chevron-down transition-all"><path d="M6 9l6 6l6 -6"></path></svg></span><div class="md:absolute top-20 inset-0 bg-black bg-opacity-20 z-10 transition-all max-md:grid max-md:overflow-hidden max-md:grid-rows-[0fr] md:pointer-events-none md:opacity-0"><nav class="max-md:overflow-hidden w-full bg-white dark:bg-stone-900 backdrop-blur-md bg-opacity-75 gap-2 grid grid-cols-1 sm:grid-cols-2 md:p-4 max-md:px-2 md:shadow-lg md:backdrop-blur-lg sm:gap-4 md:rounded-b-xl dark:bg-opacity-85 transition-all max-w-screen-md mx-auto md:opacity-0 md:pointer-events-none"><a class="rounded-md px8 sm:p-4 p-2 hover:bg-stone-50 dark:hover:bg-stone-950 transition-all ease-out flex gap-4" href="https://app.abonesepeti.com/login?redirect=/subscriptions"><img alt="Yönet" loading="lazy" width="48" height="48" decoding="async" data-nimg="1" class="dark:invert aspect-square md:w-12 md:h-12 w-6 h-6" style="color:transparent" srcset="/_next/image?url=https%3A%2F%2Fcms.abonesepeti.com%2Fstorage%2Fsolutions%2FDecember2024%2FjAkfjj6ybscZVXW5JmJB.png&amp;w=48&amp;q=75 1x, /_next/image?url=https%3A%2F%2Fcms.abonesepeti.com%2Fstorage%2Fsolutions%2FDecember2024%2FjAkfjj6ybscZVXW5JmJB.png&amp;w=96&amp;q=75 2x" src="/_next/image?url=https%3A%2F%2Fcms.abonesepeti.com%2Fstorage%2Fsolutions%2FDecember2024%2FjAkfjj6ybscZVXW5JmJB.png&amp;w=96&amp;q=75"><div><strong class="font-medium">Yönet</strong><p class="max-md:hidden text-sm mt-2 max-w-sm text-stone-500 dark:text-stone-400">Abonelik Yönet Kendine ve ailene ait abonelikleri yönet, başlama ve bitiş tarihlerini gör.</p></div></a><a class="rounded-md px8 sm:p-4 p-2 hover:bg-stone-50 dark:hover:bg-stone-950 transition-all ease-out flex gap-4" href="https://app.abonesepeti.com/login?redirect=/comparison/institution"><img alt="Karşılaştır" loading="lazy" width="48" height="48" decoding="async" data-nimg="1" class="dark:invert aspect-square md:w-12 md:h-12 w-6 h-6" style="color:transparent" srcset="/_next/image?url=https%3A%2F%2Fcms.abonesepeti.com%2Fstorage%2Fsolutions%2FDecember2024%2FHGFge4TODijV9wo6g3Jk.png&amp;w=48&amp;q=75 1x, /_next/image?url=https%3A%2F%2Fcms.abonesepeti.com%2Fstorage%2Fsolutions%2FDecember2024%2FHGFge4TODijV9wo6g3Jk.png&amp;w=96&amp;q=75 2x" src="/_next/image?url=https%3A%2F%2Fcms.abonesepeti.com%2Fstorage%2Fsolutions%2FDecember2024%2FHGFge4TODijV9wo6g3Jk.png&amp;w=96&amp;q=75"><div><strong class="font-medium">Karşılaştır</strong><p class="max-md:hidden text-sm mt-2 max-w-sm text-stone-500 dark:text-stone-400">Aboneliğini avantajlı başlat, paran cebinde kalsın.</p></div></a><a class="rounded-md px8 sm:p-4 p-2 hover:bg-stone-50 dark:hover:bg-stone-950 transition-all ease-out flex gap-4" href="https://app.abonesepeti.com/login?redirect=/bills"><img alt="Fatura Öde" loading="lazy" width="48" height="48" decoding="async" data-nimg="1" class="dark:invert aspect-square md:w-12 md:h-12 w-6 h-6" style="color:transparent" srcset="/_next/image?url=https%3A%2F%2Fcms.abonesepeti.com%2Fstorage%2Fsolutions%2FDecember2024%2FLXRiQCrhb4M7VdT5RcCE.png&amp;w=48&amp;q=75 1x, /_next/image?url=https%3A%2F%2Fcms.abonesepeti.com%2Fstorage%2Fsolutions%2FDecember2024%2FLXRiQCrhb4M7VdT5RcCE.png&amp;w=96&amp;q=75 2x" src="/_next/image?url=https%3A%2F%2Fcms.abonesepeti.com%2Fstorage%2Fsolutions%2FDecember2024%2FLXRiQCrhb4M7VdT5RcCE.png&amp;w=96&amp;q=75"><div><strong class="font-medium">Fatura Öde</strong><p class="max-md:hidden text-sm mt-2 max-w-sm text-stone-500 dark:text-stone-400">Faturanı hemen öde, fazla ödemelerinin önüne geç. Bütçeni kontrol altına al.</p></div></a><a class="rounded-md px8 sm:p-4 p-2 hover:bg-stone-50 dark:hover:bg-stone-950 transition-all ease-out flex gap-4" href="https://app.abonesepeti.com/login?redirect=/insurance"><img alt="Sigorta Teklifi Al" loading="lazy" width="48" height="48" decoding="async" data-nimg="1" class="dark:invert aspect-square md:w-12 md:h-12 w-6 h-6" style="color:transparent" srcset="/_next/image?url=https%3A%2F%2Fcms.abonesepeti.com%2Fstorage%2Fsolutions%2FDecember2024%2FdbN3AxJCTDmsUVhNKgoA.png&amp;w=48&amp;q=75 1x, /_next/image?url=https%3A%2F%2Fcms.abonesepeti.com%2Fstorage%2Fsolutions%2FDecember2024%2FdbN3AxJCTDmsUVhNKgoA.png&amp;w=96&amp;q=75 2x" src="/_next/image?url=https%3A%2F%2Fcms.abonesepeti.com%2Fstorage%2Fsolutions%2FDecember2024%2FdbN3AxJCTDmsUVhNKgoA.png&amp;w=96&amp;q=75"><div><strong class="font-medium">Sigorta Teklifi Al</strong><p class="max-md:hidden text-sm mt-2 max-w-sm text-stone-500 dark:text-stone-400">Kasko, Trafik, Sağlık vb sigorta tekliflerini online olarak alabilirsiniz.</p></div></a><a class="rounded-md px8 sm:p-4 p-2 hover:bg-stone-50 dark:hover:bg-stone-950 transition-all ease-out flex gap-4" href="https://app.abonesepeti.com/login?redirect=/load-money"><img alt="Kontör Yükle" loading="lazy" width="48" height="48" decoding="async" data-nimg="1" class="dark:invert aspect-square md:w-12 md:h-12 w-6 h-6" style="color:transparent" srcset="/_next/image?url=https%3A%2F%2Fcms.abonesepeti.com%2Fstorage%2Fsolutions%2FDecember2024%2FRJHNLRaTH6RQTAQPr8cx.png&amp;w=48&amp;q=75 1x, /_next/image?url=https%3A%2F%2Fcms.abonesepeti.com%2Fstorage%2Fsolutions%2FDecember2024%2FRJHNLRaTH6RQTAQPr8cx.png&amp;w=96&amp;q=75 2x" src="/_next/image?url=https%3A%2F%2Fcms.abonesepeti.com%2Fstorage%2Fsolutions%2FDecember2024%2FRJHNLRaTH6RQTAQPr8cx.png&amp;w=96&amp;q=75"><div><strong class="font-medium">Kontör Yükle</strong><p class="max-md:hidden text-sm mt-2 max-w-sm text-stone-500 dark:text-stone-400">Hattına dakika ve internet paketini kolaylıkla yükle, iletişimin kesilmesin.</p></div></a><a class="rounded-md px8 sm:p-4 p-2 hover:bg-stone-50 dark:hover:bg-stone-950 transition-all ease-out flex gap-4" href="https://app.abonesepeti.com/login?redirect=/try-on-app"><img alt="Araç Kirala" loading="lazy" width="48" height="48" decoding="async" data-nimg="1" class="dark:invert aspect-square md:w-12 md:h-12 w-6 h-6" style="color:transparent" srcset="/_next/image?url=https%3A%2F%2Fcms.abonesepeti.com%2Fstorage%2Fsolutions%2FDecember2024%2FOP4Nhu1dAsSmOfXgrS8S.png&amp;w=48&amp;q=75 1x, /_next/image?url=https%3A%2F%2Fcms.abonesepeti.com%2Fstorage%2Fsolutions%2FDecember2024%2FOP4Nhu1dAsSmOfXgrS8S.png&amp;w=96&amp;q=75 2x" src="/_next/image?url=https%3A%2F%2Fcms.abonesepeti.com%2Fstorage%2Fsolutions%2FDecember2024%2FOP4Nhu1dAsSmOfXgrS8S.png&amp;w=96&amp;q=75"><div><strong class="font-medium">Araç Kirala</strong><p class="max-md:hidden text-sm mt-2 max-w-sm text-stone-500 dark:text-stone-400">Karşılaştır, ideal aracını tüm dünyada kirala</p></div></a><a class="rounded-md px8 sm:p-4 p-2 hover:bg-stone-50 dark:hover:bg-stone-950 transition-all ease-out flex gap-4" href="https://app.abonesepeti.com/login?redirect=/easy-cancellation"><img alt="Kolay İptal" loading="lazy" width="48" height="48" decoding="async" data-nimg="1" class="dark:invert aspect-square md:w-12 md:h-12 w-6 h-6" style="color:transparent" srcset="/_next/image?url=https%3A%2F%2Fcms.abonesepeti.com%2Fstorage%2Fsolutions%2FDecember2024%2FA0zgg8GQVTy9uXv3kEZn.png&amp;w=48&amp;q=75 1x, /_next/image?url=https%3A%2F%2Fcms.abonesepeti.com%2Fstorage%2Fsolutions%2FDecember2024%2FA0zgg8GQVTy9uXv3kEZn.png&amp;w=96&amp;q=75 2x" src="/_next/image?url=https%3A%2F%2Fcms.abonesepeti.com%2Fstorage%2Fsolutions%2FDecember2024%2FA0zgg8GQVTy9uXv3kEZn.png&amp;w=96&amp;q=75"><div><strong class="font-medium">Kolay İptal</strong><p class="max-md:hidden text-sm mt-2 max-w-sm text-stone-500 dark:text-stone-400">Kullanmadığın aboneliğini kolayca iptal et.</p></div></a><a class="rounded-md px8 sm:p-4 p-2 hover:bg-stone-50 dark:hover:bg-stone-950 transition-all ease-out flex gap-4" href="https://444dergi.com/"><img alt="Dergi Abonesi Ol" loading="lazy" width="48" height="48" decoding="async" data-nimg="1" class="dark:invert aspect-square md:w-12 md:h-12 w-6 h-6" style="color:transparent" srcset="/_next/image?url=https%3A%2F%2Fcms.abonesepeti.com%2Fstorage%2Fsolutions%2FDecember2024%2FIGbKKtwplw360SG2rGJ1.png&amp;w=48&amp;q=75 1x, /_next/image?url=https%3A%2F%2Fcms.abonesepeti.com%2Fstorage%2Fsolutions%2FDecember2024%2FIGbKKtwplw360SG2rGJ1.png&amp;w=96&amp;q=75 2x" src="/_next/image?url=https%3A%2F%2Fcms.abonesepeti.com%2Fstorage%2Fsolutions%2FDecember2024%2FIGbKKtwplw360SG2rGJ1.png&amp;w=96&amp;q=75"><div><strong class="font-medium">Dergi Abonesi Ol</strong><p class="max-md:hidden text-sm mt-2 max-w-sm text-stone-500 dark:text-stone-400">Bütün dergileri %60 varan indirimlerle ayağınıza getiriyoruz.</p></div></a></nav></div></div><a class="md:h-20 grid md:place-items-center whitespace-nowrap" href="/tr/kampanyalar"><div class="px-8 sm:px-3 p-3 rounded-full transition-all ease-out font-medium hover:text-primary-500">Kampanyalar</div></a><a class="md:h-20 grid md:place-items-center whitespace-nowrap" href="/tr/biz-kimiz"><div class="px-8 sm:px-3 p-3 rounded-full transition-all ease-out font-medium hover:text-primary-500">Biz Kimiz</div></a></nav><div class="flex items-center gap-4"><a class="whitespace-nowrap p-2 md:px-6 bg-primary-500 text-white rounded-full shadow-inset drop-shadow-md max-md:mx-2" href="https://app.abonesepeti.com"><span class="max-md:hidden">Uygulamaya Git</span><svg xmlns="http://www.w3.org/2000/svg" width="24" height="24" viewBox="0 0 24 24" fill="none" stroke="currentColor" stroke-width="2" stroke-linecap="round" stroke-linejoin="round" class="tabler-icon tabler-icon-user hidden max-md:block"><path d="M8 7a4 4 0 1 0 8 0a4 4 0 0 0 -8 0"></path><path d="M6 21v-2a4 4 0 0 1 4 -4h4a4 4 0 0 1 4 4v2"></path></svg></a></div></div></header><main class="flex-1"><div class="-mt-24 pt-24 -mb-28 pb-28 grid place-items-center bg-hero bg-fill bg-center min-h-[min(100vh,80rem)]"><div class="flex gap-x-12 max-lg:flex-col-reverse w-full items-center mx-auto animate-fade-in p-4 max-w-screen-xl"><article class="flex flex-col gap-6 max-w-screen-sm"><h1 id="hero-title" class="text-hero-title font-bold text-balance">Tüm <span>Aboneliklerinizi</span> Tek Bir Yerden Yönetin</h1><p class="text-2xl">Bütün aboneliklerinizi tek bir yerden planlayın, izleyin ve optimize edin. Böylelikle ilk hizmet baslangıcından abonelik iptal sürecine kadar tüm abonelik işleminizi tek yerden kolaylıkla gerçekleştirin, zamandan ve paradan tasarruf edin.</p><strong class="text-2xl mt-6">Ücretsiz deneyin!</strong><div class="flex items-center gap-2"><div class="w-20 h-4 relative"><div class="absolute top-0 left-0 flex"><svg xmlns="http://www.w3.org/2000/svg" width="24" height="24" viewBox="0 0 24 24" fill="currentColor" stroke="none" class="tabler-icon tabler-icon-star-filled w-4 h-4 text-gray-400"><path d="M8.243 7.34l-6.38 .925l-.113 .023a1 1 0 0 0 -.44 1.684l4.622 4.499l-1.09 6.355l-.013 .11a1 1 0 0 0 1.464 .944l5.706 -3l5.693 3l.1 .046a1 1 0 0 0 1.352 -1.1l-1.091 -6.355l4.624 -4.5l.078 -.085a1 1 0 0 0 -.633 -1.62l-6.38 -.926l-2.852 -5.78a1 1 0 0 0 -1.794 0l-2.853 5.78z"></path></svg><svg xmlns="http://www.w3.org/2000/svg" width="24" height="24" viewBox="0 0 24 24" fill="currentColor" stroke="none" class="tabler-icon tabler-icon-star-filled w-4 h-4 text-gray-400"><path d="M8.243 7.34l-6.38 .925l-.113 .023a1 1 0 0 0 -.44 1.684l4.622 4.499l-1.09 6.355l-.013 .11a1 1 0 0 0 1.464 .944l5.706 -3l5.693 3l.1 .046a1 1 0 0 0 1.352 -1.1l-1.091 -6.355l4.624 -4.5l.078 -.085a1 1 0 0 0 -.633 -1.62l-6.38 -.926l-2.852 -5.78a1 1 0 0 0 -1.794 0l-2.853 5.78z"></path></svg><svg xmlns="http://www.w3.org/2000/svg" width="24" height="24" viewBox="0 0 24 24" fill="currentColor" stroke="none" class="tabler-icon tabler-icon-star-filled w-4 h-4 text-gray-400"><path d="M8.243 7.34l-6.38 .925l-.113 .023a1 1 0 0 0 -.44 1.684l4.622 4.499l-1.09 6.355l-.013 .11a1 1 0 0 0 1.464 .944l5.706 -3l5.693 3l.1 .046a1 1 0 0 0 1.352 -1.1l-1.091 -6.355l4.624 -4.5l.078 -.085a1 1 0 0 0 -.633 -1.62l-6.38 -.926l-2.852 -5.78a1 1 0 0 0 -1.794 0l-2.853 5.78z"></path></svg><svg xmlns="http://www.w3.org/2000/svg" width="24" height="24" viewBox="0 0 24 24" fill="currentColor" stroke="none" class="tabler-icon tabler-icon-star-filled w-4 h-4 text-gray-400"><path d="M8.243 7.34l-6.38 .925l-.113 .023a1 1 0 0 0 -.44 1.684l4.622 4.499l-1.09 6.355l-.013 .11a1 1 0 0 0 1.464 .944l5.706 -3l5.693 3l.1 .046a1 1 0 0 0 1.352 -1.1l-1.091 -6.355l4.624 -4.5l.078 -.085a1 1 0 0 0 -.633 -1.62l-6.38 -.926l-2.852 -5.78a1 1 0 0 0 -1.794 0l-2.853 5.78z"></path></svg><svg xmlns="http://www.w3.org/2000/svg" width="24" height="24" viewBox="0 0 24 24" fill="currentColor" stroke="none" class="tabler-icon tabler-icon-star-filled w-4 h-4 text-gray-400"><path d="M8.243 7.34l-6.38 .925l-.113 .023a1 1 0 0 0 -.44 1.684l4.622 4.499l-1.09 6.355l-.013 .11a1 1 0 0 0 1.464 .944l5.706 -3l5.693 3l.1 .046a1 1 0 0 0 1.352 -1.1l-1.091 -6.355l4.624 -4.5l.078 -.085a1 1 0 0 0 -.633 -1.62l-6.38 -.926l-2.852 -5.78a1 1 0 0 0 -1.794 0l-2.853 5.78z"></path></svg></div><div class="absolute top-0 left-0 flex" style="clip-path:inset(0 4.3999999999999915% 0 0)"><svg xmlns="http://www.w3.org/2000/svg" width="24" height="24" viewBox="0 0 24 24" fill="currentColor" stroke="none" class="tabler-icon tabler-icon-star-filled w-4 h-4 text-yellow-400"><path d="M8.243 7.34l-6.38 .925l-.113 .023a1 1 0 0 0 -.44 1.684l4.622 4.499l-1.09 6.355l-.013 .11a1 1 0 0 0 1.464 .944l5.706 -3l5.693 3l.1 .046a1 1 0 0 0 1.352 -1.1l-1.091 -6.355l4.624 -4.5l.078 -.085a1 1 0 0 0 -.633 -1.62l-6.38 -.926l-2.852 -5.78a1 1 0 0 0 -1.794 0l-2.853 5.78z"></path></svg><svg xmlns="http://www.w3.org/2000/svg" width="24" height="24" viewBox="0 0 24 24" fill="currentColor" stroke="none" class="tabler-icon tabler-icon-star-filled w-4 h-4 text-yellow-400"><path d="M8.243 7.34l-6.38 .925l-.113 .023a1 1 0 0 0 -.44 1.684l4.622 4.499l-1.09 6.355l-.013 .11a1 1 0 0 0 1.464 .944l5.706 -3l5.693 3l.1 .046a1 1 0 0 0 1.352 -1.1l-1.091 -6.355l4.624 -4.5l.078 -.085a1 1 0 0 0 -.633 -1.62l-6.38 -.926l-2.852 -5.78a1 1 0 0 0 -1.794 0l-2.853 5.78z"></path></svg><svg xmlns="http://www.w3.org/2000/svg" width="24" height="24" viewBox="0 0 24 24" fill="currentColor" stroke="none" class="tabler-icon tabler-icon-star-filled w-4 h-4 text-yellow-400"><path d="M8.243 7.34l-6.38 .925l-.113 .023a1 1 0 0 0 -.44 1.684l4.622 4.499l-1.09 6.355l-.013 .11a1 1 0 0 0 1.464 .944l5.706 -3l5.693 3l.1 .046a1 1 0 0 0 1.352 -1.1l-1.091 -6.355l4.624 -4.5l.078 -.085a1 1 0 0 0 -.633 -1.62l-6.38 -.926l-2.852 -5.78a1 1 0 0 0 -1.794 0l-2.853 5.78z"></path></svg><svg xmlns="http://www.w3.org/2000/svg" width="24" height="24" viewBox="0 0 24 24" fill="currentColor" stroke="none" class="tabler-icon tabler-icon-star-filled w-4 h-4 text-yellow-400"><path d="M8.243 7.34l-6.38 .925l-.113 .023a1 1 0 0 0 -.44 1.684l4.622 4.499l-1.09 6.355l-.013 .11a1 1 0 0 0 1.464 .944l5.706 -3l5.693 3l.1 .046a1 1 0 0 0 1.352 -1.1l-1.091 -6.355l4.624 -4.5l.078 -.085a1 1 0 0 0 -.633 -1.62l-6.38 -.926l-2.852 -5.78a1 1 0 0 0 -1.794 0l-2.853 5.78z"></path></svg><svg xmlns="http://www.w3.org/2000/svg" width="24" height="24" viewBox="0 0 24 24" fill="currentColor" stroke="none" class="tabler-icon tabler-icon-star-filled w-4 h-4 text-yellow-400"><path d="M8.243 7.34l-6.38 .925l-.113 .023a1 1 0 0 0 -.44 1.684l4.622 4.499l-1.09 6.355l-.013 .11a1 1 0 0 0 1.464 .944l5.706 -3l5.693 3l.1 .046a1 1 0 0 0 1.352 -1.1l-1.091 -6.355l4.624 -4.5l.078 -.085a1 1 0 0 0 -.633 -1.62l-6.38 -.926l-2.852 -5.78a1 1 0 0 0 -1.794 0l-2.853 5.78z"></path></svg></div></div>4.78</div><a rel="noopener noreferrer" class="bg-primary-500 text-white px-4 py-3 rounded-xl block w-60 text-center shadow-inner shadow-primary-600 drop-shadow-lg hover:scale-105 transition-all ease-out" href="/tr/yukle">Hemen Ücretsiz İndir</a><div class="flex flex-wrap gap-3"><a class="text-lg whitespace-nowrap" href="/download">Android</a><a class="text-lg whitespace-nowrap" href="/download">iOS</a><a class="text-lg whitespace-nowrap" href="/download">Huawei</a><a class="text-lg whitespace-nowrap" href="/download">Windows</a><a class="text-lg whitespace-nowrap" href="/download">Mac OS</a><a class="text-lg whitespace-nowrap" href="/download">Linux</a><a class="text-lg whitespace-nowrap" href="/download">BSD</a></div></article><div class="flex justify-center grow relative shrink-0 mb-8 sm:mb-24 w-[26rem] max-xs:w-[calc(100vw-4rem)] max-xs:scale-75"><div class="overflow-clip absolute bg-white rounded-3xl" style="clip-path:inset(2% 2% 1% 2% round 2rem)"><img draggable="false" alt="Mockup frame" loading="lazy" width="246" height="496" decoding="async" data-nimg="1" class="opacity-0" style="color:transparent" srcset="/_next/image?url=%2Fassets%2Fimages%2Fmockup-frame.webp&amp;w=256&amp;q=75 1x, /_next/image?url=%2Fassets%2Fimages%2Fmockup-frame.webp&amp;w=640&amp;q=75 2x" src="/_next/image?url=%2Fassets%2Fimages%2Fmockup-frame.webp&amp;w=640&amp;q=75"><img draggable="false" alt="Mockup 1" loading="lazy" width="492" height="992" decoding="async" data-nimg="1" class="absolute top-0 transition-all duration-300 rounded-3xl select-none p-2.5" style="color: transparent; transform: translateX(-100%);" srcset="/_next/image?url=https%3A%2F%2Fcms.abonesepeti.com%2Fstorage%2Fhome-hore-images%2FDecember2024%2Fs7NodJ10qpRILgzWALJ0.PNG&amp;w=640&amp;q=75 1x, /_next/image?url=https%3A%2F%2Fcms.abonesepeti.com%2Fstorage%2Fhome-hore-images%2FDecember2024%2Fs7NodJ10qpRILgzWALJ0.PNG&amp;w=1080&amp;q=75 2x" src="/_next/image?url=https%3A%2F%2Fcms.abonesepeti.com%2Fstorage%2Fhome-hore-images%2FDecember2024%2Fs7NodJ10qpRILgzWALJ0.PNG&amp;w=1080&amp;q=75"><img draggable="false" alt="Mockup 2" loading="lazy" width="492" height="992" decoding="async" data-nimg="1" class="absolute top-0 transition-all duration-300 rounded-3xl select-none p-2.5" style="color: transparent; transform: translateX(0%);" srcset="/_next/image?url=https%3A%2F%2Fcms.abonesepeti.com%2Fstorage%2Fhome-hore-images%2FDecember2024%2FtjYiPYyHnlbY5bOdrrih.PNG&amp;w=640&amp;q=75 1x, /_next/image?url=https%3A%2F%2Fcms.abonesepeti.com%2Fstorage%2Fhome-hore-images%2FDecember2024%2FtjYiPYyHnlbY5bOdrrih.PNG&amp;w=1080&amp;q=75 2x" src="/_next/image?url=https%3A%2F%2Fcms.abonesepeti.com%2Fstorage%2Fhome-hore-images%2FDecember2024%2FtjYiPYyHnlbY5bOdrrih.PNG&amp;w=1080&amp;q=75"><img draggable="false" alt="Mockup 3" loading="lazy" width="492" height="992" decoding="async" data-nimg="1" class="absolute top-0 transition-all duration-300 rounded-3xl select-none p-2.5" style="color: transparent; transform: translateX(100%);" srcset="/_next/image?url=https%3A%2F%2Fcms.abonesepeti.com%2Fstorage%2Fhome-hore-images%2FDecember2024%2F3UTyFtsY3F8XYo1c597d.PNG&amp;w=640&amp;q=75 1x, /_next/image?url=https%3A%2F%2Fcms.abonesepeti.com%2Fstorage%2Fhome-hore-images%2FDecember2024%2F3UTyFtsY3F8XYo1c597d.PNG&amp;w=1080&amp;q=75 2x" src="/_next/image?url=https%3A%2F%2Fcms.abonesepeti.com%2Fstorage%2Fhome-hore-images%2FDecember2024%2F3UTyFtsY3F8XYo1c597d.PNG&amp;w=1080&amp;q=75"><img draggable="false" alt="Mockup 4" loading="lazy" width="492" height="992" decoding="async" data-nimg="1" class="absolute top-0 transition-all duration-300 rounded-3xl select-none p-2.5" style="color: transparent; transform: translateX(200%);" srcset="/_next/image?url=https%3A%2F%2Fcms.abonesepeti.com%2Fstorage%2Fhome-hore-images%2FDecember2024%2FpwWYB51cPsJlbhZ7z7Gw.PNG&amp;w=640&amp;q=75 1x, /_next/image?url=https%3A%2F%2Fcms.abonesepeti.com%2Fstorage%2Fhome-hore-images%2FDecember2024%2FpwWYB51cPsJlbhZ7z7Gw.PNG&amp;w=1080&amp;q=75 2x" src="/_next/image?url=https%3A%2F%2Fcms.abonesepeti.com%2Fstorage%2Fhome-hore-images%2FDecember2024%2FpwWYB51cPsJlbhZ7z7Gw.PNG&amp;w=1080&amp;q=75"><img draggable="false" alt="Mockup 5" loading="lazy" width="492" height="992" decoding="async" data-nimg="1" class="absolute top-0 transition-all duration-300 rounded-3xl select-none p-2.5" style="color: transparent; transform: translateX(300%);" srcset="/_next/image?url=https%3A%2F%2Fcms.abonesepeti.com%2Fstorage%2Fhome-hore-images%2FDecember2024%2F0MqcZUUSssUqJyKoJLP7.PNG&amp;w=640&amp;q=75 1x, /_next/image?url=https%3A%2F%2Fcms.abonesepeti.com%2Fstorage%2Fhome-hore-images%2FDecember2024%2F0MqcZUUSssUqJyKoJLP7.PNG&amp;w=1080&amp;q=75 2x" src="/_next/image?url=https%3A%2F%2Fcms.abonesepeti.com%2Fstorage%2Fhome-hore-images%2FDecember2024%2F0MqcZUUSssUqJyKoJLP7.PNG&amp;w=1080&amp;q=75"><img draggable="false" alt="Mockup 6" loading="lazy" width="492" height="992" decoding="async" data-nimg="1" class="absolute top-0 transition-all duration-300 rounded-3xl select-none p-2.5" style="color: transparent; transform: translateX(400%);" srcset="/_next/image?url=https%3A%2F%2Fcms.abonesepeti.com%2Fstorage%2Fhome-hore-images%2FDecember2024%2FeRNa9rgrKcjL3Vv5Er3I.PNG&amp;w=640&amp;q=75 1x, /_next/image?url=https%3A%2F%2Fcms.abonesepeti.com%2Fstorage%2Fhome-hore-images%2FDecember2024%2FeRNa9rgrKcjL3Vv5Er3I.PNG&amp;w=1080&amp;q=75 2x" src="/_next/image?url=https%3A%2F%2Fcms.abonesepeti.com%2Fstorage%2Fhome-hore-images%2FDecember2024%2FeRNa9rgrKcjL3Vv5Er3I.PNG&amp;w=1080&amp;q=75"><img draggable="false" alt="Mockup 7" loading="lazy" width="492" height="992" decoding="async" data-nimg="1" class="absolute top-0 transition-all duration-300 rounded-3xl select-none p-2.5" style="color: transparent; transform: translateX(500%);" srcset="/_next/image?url=https%3A%2F%2Fcms.abonesepeti.com%2Fstorage%2Fhome-hore-images%2FDecember2024%2FArMPKsO1psfWlufW7Lym.PNG&amp;w=640&amp;q=75 1x, /_next/image?url=https%3A%2F%2Fcms.abonesepeti.com%2Fstorage%2Fhome-hore-images%2FDecember2024%2FArMPKsO1psfWlufW7Lym.PNG&amp;w=1080&amp;q=75 2x" src="/_next/image?url=https%3A%2F%2Fcms.abonesepeti.com%2Fstorage%2Fhome-hore-images%2FDecember2024%2FArMPKsO1psfWlufW7Lym.PNG&amp;w=1080&amp;q=75"></div><img draggable="false" alt="Mockup frame" loading="lazy" width="246" height="496" decoding="async" data-nimg="1" class="select-none relative cursor-grab" style="color:transparent" srcset="/_next/image?url=%2Fassets%2Fimages%2Fmockup-frame.webp&amp;w=256&amp;q=75 1x, /_next/image?url=%2Fassets%2Fimages%2Fmockup-frame.webp&amp;w=640&amp;q=75 2x" src="/_next/image?url=%2Fassets%2Fimages%2Fmockup-frame.webp&amp;w=640&amp;q=75"><div class="absolute w-96 -bottom-16"><svg xmlns="http://www.w3.org/2000/svg" viewBox="0 0 100 51" class="-translate-y-1 drop-shadow-lg"><path fill="#ededed" d="M0 1c0 27.614237 22.385763 50 50 50s50-22.385763 50-50c0 0-.0038-1-1-1-.99621 0-1 1-1 1 0 26.509668-21.490332 48-48 48S2 27.509668 2 1c0 0-.0129705-1-1-1-.98702951 0-1 1-1 1Z"></path></svg><div class="absolute top-0 left-0 w-1/2 h-1/2 origin-top-right transition-all duration-1000 linear" style="rotate: -30deg;"><div class="-translate-x-3 -translate-y-1/2 w-8 h-8 bg-primary-900 rounded-full shadow-inset drop-shadow-lg"></div></div></div></div></div></div><div class="bg-stone-100 dark:bg-stone-900"><div class="mx-auto animate-fade-in p-4 max-w-screen-xl"><ul class="flex justify-evenly gap-8 flex-wrap" style="opacity:0"><li class="w-32 h-20 text-stone-400 text-center shrink-0 bg-laurel-wreath bg-bottom bg-contain bg-no-repeat" style="transform:scaleX(0)"><h2 class="text-2xl font-semibold leading-tight">34</h2><p class="text-sm">Kategori</p></li><li class="w-32 h-20 text-stone-400 text-center shrink-0 bg-laurel-wreath bg-bottom bg-contain bg-no-repeat" style="transform:scaleX(0)"><h2 class="text-2xl font-semibold leading-tight">202</h2><p class="text-sm">Marka</p></li><li class="w-32 h-20 text-stone-400 text-center shrink-0 bg-laurel-wreath bg-bottom bg-contain bg-no-repeat" style="transform:scaleX(0)"><h2 class="text-2xl font-semibold leading-tight">283</h2><p class="text-sm">Kampanya</p></li><li class="w-32 h-20 text-stone-400 text-center shrink-0 bg-laurel-wreath bg-bottom bg-contain bg-no-repeat" style="transform:scaleX(0)"><h2 class="text-2xl font-semibold leading-tight">272.473</h2><p class="text-sm">Kullanıcı</p></li></ul></div></div><div class="py-16"><hgroup class="text-center sm:my-12 p-4"><h2 class="text-3xl mb-2 font-semibold">Aboneliklerinizi kontrol altına alın</h2><p class="text-xl max-w-2xl mx-auto">Abonesepeti, daha fazla tasarruf etmenizi, daha az harcamanızı, her şeyi görmenizi ve aboneliklerinizin kontrolünü elinize almanızı sağlar.</p></hgroup><div class="md:grid md:grid-cols-sticky-slide gap-8 gap-y-16 flex flex-col mx-auto animate-fade-in p-4 max-w-screen-xl"><div style="order:0" class="p-8 rounded-2xl space-y-6 md:!order-[unset] bg-stone-100 dark:bg-stone-900 shadow-md self-center"><h3 class="text-3xl font-medium">Abonelik Harcama İçgörüleri</h3><p class="text-xl">Tüm aboneliklerinizdeki harcamaları tek bir ekranda izleyin. Paranızın nereye gittiğini ve bunu nasıl iyileştirebileceğimizi görün. Gereksiz masrafları fark edin, tasarruf edin ve finansal hedeflerinize daha hızlı ulaşın.</p></div><figure style="order:-1" class="md:sticky md:top-48 flex justify-center md:p-8 md:!order-[unset]"><img alt="" loading="lazy" width="1242" height="1416" decoding="async" data-nimg="1" class="object-contain max-h-[32rem] w-auto drop-shadow-lg md:-rotate-6 max-md:!ml-0" style="color:transparent;margin-left:-12rem" srcset="/_next/image?url=https%3A%2F%2Fcms.abonesepeti.com%2Fstorage%2Fhome-verticle-slides%2FDecember2024%2Fj6d71Hnx82k15es4nm9b.webp&amp;w=1920&amp;q=75 1x, /_next/image?url=https%3A%2F%2Fcms.abonesepeti.com%2Fstorage%2Fhome-verticle-slides%2FDecember2024%2Fj6d71Hnx82k15es4nm9b.webp&amp;w=3840&amp;q=75 2x" src="/_next/image?url=https%3A%2F%2Fcms.abonesepeti.com%2Fstorage%2Fhome-verticle-slides%2FDecember2024%2Fj6d71Hnx82k15es4nm9b.webp&amp;w=3840&amp;q=75"></figure><div style="order:2" class="p-8 rounded-2xl space-y-6 md:!order-[unset] bg-stone-100 dark:bg-stone-900 shadow-md self-center"><h3 class="text-3xl font-medium">Kolay Abonelik Yönetimi</h3><p class="text-xl">Kendinize ve aile bireylerinize ait abonelikleri tek bir ekranda takip edin. Aboneliklerinizin başlama ve bitiş tarihlerini görün.Tüm aboneliklerinizi düzenli bir panelde kolayca yönetin.</p></div><figure style="order:1" class="md:sticky md:top-48 flex justify-center md:p-8 md:!order-[unset]"><img alt="" loading="lazy" width="1242" height="1416" decoding="async" data-nimg="1" class="object-contain max-h-[32rem] w-auto drop-shadow-lg md:-rotate-6 max-md:!ml-0" style="color:transparent;margin-left:0rem" srcset="/_next/image?url=https%3A%2F%2Fcms.abonesepeti.com%2Fstorage%2Fhome-verticle-slides%2FDecember2024%2FAURXeM6ykSbeJPmyEWd8.webp&amp;w=1920&amp;q=75 1x, /_next/image?url=https%3A%2F%2Fcms.abonesepeti.com%2Fstorage%2Fhome-verticle-slides%2FDecember2024%2FAURXeM6ykSbeJPmyEWd8.webp&amp;w=3840&amp;q=75 2x" src="/_next/image?url=https%3A%2F%2Fcms.abonesepeti.com%2Fstorage%2Fhome-verticle-slides%2FDecember2024%2FAURXeM6ykSbeJPmyEWd8.webp&amp;w=3840&amp;q=75"></figure><div style="order:4" class="p-8 rounded-2xl space-y-6 md:!order-[unset] bg-stone-100 dark:bg-stone-900 shadow-md self-center"><h3 class="text-3xl font-medium">Kolay İptal</h3><p class="text-xl">İhtiyacınız olmayan abonelikler için ödeme yapmayı bırakın. Kullanmadığınız aboneliğinizi kolayca iptal edin.</p></div><figure style="order:3" class="md:sticky md:top-48 flex justify-center md:p-8 md:!order-[unset]"><img alt="" loading="lazy" width="1242" height="1416" decoding="async" data-nimg="1" class="object-contain max-h-[32rem] w-auto drop-shadow-lg md:-rotate-6 max-md:!ml-0" style="color:transparent;margin-left:12rem" srcset="/_next/image?url=https%3A%2F%2Fcms.abonesepeti.com%2Fstorage%2Fhome-verticle-slides%2FDecember2024%2FzBBuB9hBb6kJKopors5l.webp&amp;w=1920&amp;q=75 1x, /_next/image?url=https%3A%2F%2Fcms.abonesepeti.com%2Fstorage%2Fhome-verticle-slides%2FDecember2024%2FzBBuB9hBb6kJKopors5l.webp&amp;w=3840&amp;q=75 2x" src="/_next/image?url=https%3A%2F%2Fcms.abonesepeti.com%2Fstorage%2Fhome-verticle-slides%2FDecember2024%2FzBBuB9hBb6kJKopors5l.webp&amp;w=3840&amp;q=75"></figure></div></div><div class="p-0 mx-auto animate-fade-in p-4 max-w-screen-xl"><video loop="" muted="" controls="" autoplay="" playsinline="" src="/assets/videos/intro.mp4" class="aspect-video rounded-2xl my-20"></video></div><div class="bg-sea bg-center bg-cover"><div class="grid place-items-center mx-auto animate-fade-in p-4 max-w-screen-xl"><ul class="text-white my-24 gap-8 grid grid-cols-1 md:grid-cols-3"><li class="list-none h-full block" style="perspective:1000px"><div class="flex flex-col items-center m-0 p-8 gap-4 rounded-lg shadow relative text-center transition-all duration-300 hover:transition-none h-full max-md:bg-amber-900 max-md:bg-opacity-30 backdrop-blur-lg"><div class="inset-0 top-0 absolute overflow-clip rounded-b-lg"><div class="bg-gradient-to-t from-stone-200 to-stone-100 absolute -left-full -right-full -bottom-32 top-2/3 opacity-20 -rotate-12"></div></div><strong class="relative text-xl font-bold">Kolay Abonelik Yönetimi</strong><em class="relative w-full text-lg">Aboneliklerinizi bir daha asla kaçırmayın! Tüm aboneliklerinizi tek yerde yönetin, düzenli kalın ve istenmeyen yenilemelerden kaçının.</em></div></li><li class="list-none h-full block" style="perspective:1000px"><div class="flex flex-col items-center m-0 p-8 gap-4 rounded-lg shadow relative text-center transition-all duration-300 hover:transition-none h-full max-md:bg-amber-900 max-md:bg-opacity-30 backdrop-blur-lg"><div class="inset-0 top-0 absolute overflow-clip rounded-b-lg"><div class="bg-gradient-to-t from-stone-200 to-stone-100 absolute -left-full -right-full -bottom-32 top-2/3 opacity-20 -rotate-12"></div></div><strong class="relative text-xl font-bold">Bütçenizi Kontrol Altında Tutun</strong><em class="relative w-full text-lg">Size uygun bütçeler belirleyin ve harcamalarınızı kolayca takip edin. Abonesepeti her ay daha akıllı tasarruf etmenizi sağlar.</em></div></li><li class="list-none h-full block" style="perspective:1000px"><div class="flex flex-col items-center m-0 p-8 gap-4 rounded-lg shadow relative text-center transition-all duration-300 hover:transition-none h-full max-md:bg-amber-900 max-md:bg-opacity-30 backdrop-blur-lg"><div class="inset-0 top-0 absolute overflow-clip rounded-b-lg"><div class="bg-gradient-to-t from-stone-200 to-stone-100 absolute -left-full -right-full -bottom-32 top-2/3 opacity-20 -rotate-12"></div></div><strong class="relative text-xl font-bold">Abonelikleriniz için Akıllı Hatırlatmalar</strong><em class="relative w-full text-lg">Yaklaşan yenileme ve ödeme hatırlatmalarını zamanında alın, kontrolü elinizde tutun ve sürprizlerden kaçının.</em></div></li></ul></div></div><div class="bg-stone-100 dark:bg-stone-900"><div class="flex justify-between items-center max-lg:flex-col gap-4 lg:gap-8 p-8 mx-auto animate-fade-in max-w-screen-xl"><div class="flex items-center gap-4 lg:gap-8 max-lg:flex-col"><img alt="Amblem" loading="lazy" width="74" height="74" decoding="async" data-nimg="1" class="dark:brightness-0 dark:invert" style="color:transparent" src="/assets/brand/amblem.svg"><ul class="flex gap-4 items-center justify-evenly max-lg:flex-wrap" style="opacity:0"><li class="flex items-center gap-4 whitespace-nowrap" style="opacity:0;transform:translateY(20px)"><span class="text-center text-xl font-semibold">Başlat</span><div class="w-px h-4 bg-stone-300 dark:bg-stone-700 max-sm:hidden"></div></li><li class="flex items-center gap-4 whitespace-nowrap" style="opacity:0;transform:translateY(20px)"><span class="text-center text-xl font-semibold">Yönet</span><div class="w-px h-4 bg-stone-300 dark:bg-stone-700 max-sm:hidden"></div></li><li class="flex items-center gap-4 whitespace-nowrap" style="opacity:0;transform:translateY(20px)"><span class="text-center text-xl font-semibold">Öde</span><div class="w-px h-4 bg-stone-300 dark:bg-stone-700 max-sm:hidden"></div></li><li class="flex items-center gap-4 whitespace-nowrap" style="opacity:0;transform:translateY(20px)"><span class="text-center text-xl font-semibold">İptal Et</span></li></ul></div><ul class="flex gap-4 flex-wrap justify-center" style="opacity:0"><li style="opacity:0"><a href="https://play.google.com/store/apps/details?id=com.abonesepeti.app"><img alt="Android" loading="lazy" width="160" height="48" decoding="async" data-nimg="1" style="color:transparent" src="/assets/images/appButtons/android.svg"></a></li><li style="opacity:0"><a href="https://apps.apple.com/tr/app/abonesepeti-abonelik-y%C3%B6netimi/id1603237503"><img alt="Ios" loading="lazy" width="160" height="48" decoding="async" data-nimg="1" style="color:transparent" src="/assets/images/appButtons/ios.svg"></a></li><li style="opacity:0"><a href="https://appgallery.huawei.com/app/C110943543"><img alt="Huawei" loading="lazy" width="160" height="48" decoding="async" data-nimg="1" style="color:transparent" src="/assets/images/appButtons/huawei.svg"></a></li></ul></div></div><div class="text-center flex flex-col gap-8 mix-blend-difference text-white my-16 items-center mx-auto animate-fade-in p-4 max-w-screen-md"><h2 class="text-3xl font-semibold max-w-sm">Aboneliklerinizi Kolayca Yönetin</h2></div><div class="flex flex-col gap-8 my-16"><div class="rfm-marquee-container space-x-16" style="--pause-on-hover: paused; --pause-on-click: paused; --width: 100%; --transform: none;"><div class="rfm-marquee" style="--play: running; --direction: reverse; --duration: 67.84s; --delay: 0s; --iteration-count: infinite; --min-width: auto;"><div class="rfm-initial-child-container"><div class="rfm-child" style="--transform: none;"><div class="flex items-center gap-16"><img alt="arvento" draggable="false" loading="lazy" width="96" height="96" decoding="async" data-nimg="1" class="h-32 w-32 p-4 select-none grayscale hover:grayscale-0 transition-all dark:brightness-200 hover:dark:brightness-100" src="/assets/temp/brands/arvento.svg" style="color: transparent;"><img alt="444dergi" draggable="false" loading="lazy" width="96" height="96" decoding="async" data-nimg="1" class="h-32 w-32 p-4 select-none grayscale hover:grayscale-0 transition-all dark:brightness-200 hover:dark:brightness-100" src="/assets/temp/brands/444dergi.svg" style="color: transparent;"><img alt="atlantis" draggable="false" loading="lazy" width="96" height="96" decoding="async" data-nimg="1" class="h-32 w-32 p-4 select-none grayscale hover:grayscale-0 transition-all dark:brightness-200 hover:dark:brightness-100" src="/assets/temp/brands/atlantis.svg" style="color: transparent;"><img alt="bein-connect" draggable="false" loading="lazy" width="96" height="96" decoding="async" data-nimg="1" class="h-32 w-32 p-4 select-none grayscale hover:grayscale-0 transition-all dark:brightness-200 hover:dark:brightness-100" src="/assets/temp/brands/bein-connect.svg" style="color: transparent;"><img alt="bein-sport" draggable="false" loading="lazy" width="96" height="96" decoding="async" data-nimg="1" class="h-32 w-32 p-4 select-none grayscale hover:grayscale-0 transition-all dark:brightness-200 hover:dark:brightness-100" src="/assets/temp/brands/bein-sport.svg" style="color: transparent;"><img alt="blutv" draggable="false" loading="lazy" width="96" height="96" decoding="async" data-nimg="1" class="h-32 w-32 p-4 select-none grayscale hover:grayscale-0 transition-all dark:brightness-200 hover:dark:brightness-100" src="/assets/temp/brands/blutv.svg" style="color: transparent;"><img alt="bundes-liga" draggable="false" loading="lazy" width="96" height="96" decoding="async" data-nimg="1" class="h-32 w-32 p-4 select-none grayscale hover:grayscale-0 transition-all dark:brightness-200 hover:dark:brightness-100" src="/assets/temp/brands/bundes-liga.svg" style="color: transparent;"><img alt="byfog-kulup" draggable="false" loading="lazy" width="96" height="96" decoding="async" data-nimg="1" class="h-32 w-32 p-4 select-none grayscale hover:grayscale-0 transition-all dark:brightness-200 hover:dark:brightness-100" src="/assets/temp/brands/byfog-kulup.svg" style="color: transparent;"><img alt="champion-league" draggable="false" loading="lazy" width="96" height="96" decoding="async" data-nimg="1" class="h-32 w-32 p-4 select-none grayscale hover:grayscale-0 transition-all dark:brightness-200 hover:dark:brightness-100" src="/assets/temp/brands/champion-league.svg" style="color: transparent;"><img alt="dask" draggable="false" loading="lazy" width="96" height="96" decoding="async" data-nimg="1" class="h-32 w-32 p-4 select-none grayscale hover:grayscale-0 transition-all dark:brightness-200 hover:dark:brightness-100" src="/assets/temp/brands/dask.svg" style="color: transparent;"><img alt="digiturk-neo" draggable="false" loading="lazy" width="96" height="96" decoding="async" data-nimg="1" class="h-32 w-32 p-4 select-none grayscale hover:grayscale-0 transition-all dark:brightness-200 hover:dark:brightness-100" src="/assets/temp/brands/digiturk-neo.svg" style="color: transparent;"><img alt="digiturk" draggable="false" loading="lazy" width="96" height="96" decoding="async" data-nimg="1" class="h-32 w-32 p-4 select-none grayscale hover:grayscale-0 transition-all dark:brightness-200 hover:dark:brightness-100" src="/assets/temp/brands/digiturk.svg" style="color: transparent;"><img alt="dsmart" draggable="false" loading="lazy" width="96" height="96" decoding="async" data-nimg="1" class="h-32 w-32 p-4 select-none grayscale hover:grayscale-0 transition-all dark:brightness-200 hover:dark:brightness-100" src="/assets/temp/brands/dsmart.svg" style="color: transparent;"><img alt="eber-eats" draggable="false" loading="lazy" width="96" height="96" decoding="async" data-nimg="1" class="h-32 w-32 p-4 select-none grayscale hover:grayscale-0 transition-all dark:brightness-200 hover:dark:brightness-100" src="/assets/temp/brands/eber-eats.svg" style="color: transparent;"><img alt="eplanet-internet" draggable="false" loading="lazy" width="96" height="96" decoding="async" data-nimg="1" class="h-32 w-32 p-4 select-none grayscale hover:grayscale-0 transition-all dark:brightness-200 hover:dark:brightness-100" src="/assets/temp/brands/eplanet-internet.svg" style="color: transparent;"><img alt="eurolig" draggable="false" loading="lazy" width="96" height="96" decoding="async" data-nimg="1" class="h-32 w-32 p-4 select-none grayscale hover:grayscale-0 transition-all dark:brightness-200 hover:dark:brightness-100" src="/assets/temp/brands/eurolig.svg" style="color: transparent;"><img alt="extranet" draggable="false" loading="lazy" width="96" height="96" decoding="async" data-nimg="1" class="h-32 w-32 p-4 select-none grayscale hover:grayscale-0 transition-all dark:brightness-200 hover:dark:brightness-100" src="/assets/temp/brands/extranet.svg" style="color: transparent;"><img alt="exxen" draggable="false" loading="lazy" width="96" height="96" decoding="async" data-nimg="1" class="h-32 w-32 p-4 select-none grayscale hover:grayscale-0 transition-all dark:brightness-200 hover:dark:brightness-100" src="/assets/temp/brands/exxen.svg" style="color: transparent;"></div></div></div></div><div class="rfm-marquee" style="--play: running; --direction: reverse; --duration: 67.84s; --delay: 0s; --iteration-count: infinite; --min-width: auto;"><div class="rfm-child" style="--transform: none;"><div class="flex items-center gap-16"><img alt="arvento" draggable="false" loading="lazy" width="96" height="96" decoding="async" data-nimg="1" class="h-32 w-32 p-4 select-none grayscale hover:grayscale-0 transition-all dark:brightness-200 hover:dark:brightness-100" src="/assets/temp/brands/arvento.svg" style="color: transparent;"><img alt="444dergi" draggable="false" loading="lazy" width="96" height="96" decoding="async" data-nimg="1" class="h-32 w-32 p-4 select-none grayscale hover:grayscale-0 transition-all dark:brightness-200 hover:dark:brightness-100" src="/assets/temp/brands/444dergi.svg" style="color: transparent;"><img alt="atlantis" draggable="false" loading="lazy" width="96" height="96" decoding="async" data-nimg="1" class="h-32 w-32 p-4 select-none grayscale hover:grayscale-0 transition-all dark:brightness-200 hover:dark:brightness-100" src="/assets/temp/brands/atlantis.svg" style="color: transparent;"><img alt="bein-connect" draggable="false" loading="lazy" width="96" height="96" decoding="async" data-nimg="1" class="h-32 w-32 p-4 select-none grayscale hover:grayscale-0 transition-all dark:brightness-200 hover:dark:brightness-100" src="/assets/temp/brands/bein-connect.svg" style="color: transparent;"><img alt="bein-sport" draggable="false" loading="lazy" width="96" height="96" decoding="async" data-nimg="1" class="h-32 w-32 p-4 select-none grayscale hover:grayscale-0 transition-all dark:brightness-200 hover:dark:brightness-100" src="/assets/temp/brands/bein-sport.svg" style="color: transparent;"><img alt="blutv" draggable="false" loading="lazy" width="96" height="96" decoding="async" data-nimg="1" class="h-32 w-32 p-4 select-none grayscale hover:grayscale-0 transition-all dark:brightness-200 hover:dark:brightness-100" src="/assets/temp/brands/blutv.svg" style="color: transparent;"><img alt="bundes-liga" draggable="false" loading="lazy" width="96" height="96" decoding="async" data-nimg="1" class="h-32 w-32 p-4 select-none grayscale hover:grayscale-0 transition-all dark:brightness-200 hover:dark:brightness-100" src="/assets/temp/brands/bundes-liga.svg" style="color: transparent;"><img alt="byfog-kulup" draggable="false" loading="lazy" width="96" height="96" decoding="async" data-nimg="1" class="h-32 w-32 p-4 select-none grayscale hover:grayscale-0 transition-all dark:brightness-200 hover:dark:brightness-100" src="/assets/temp/brands/byfog-kulup.svg" style="color: transparent;"><img alt="champion-league" draggable="false" loading="lazy" width="96" height="96" decoding="async" data-nimg="1" class="h-32 w-32 p-4 select-none grayscale hover:grayscale-0 transition-all dark:brightness-200 hover:dark:brightness-100" src="/assets/temp/brands/champion-league.svg" style="color: transparent;"><img alt="dask" draggable="false" loading="lazy" width="96" height="96" decoding="async" data-nimg="1" class="h-32 w-32 p-4 select-none grayscale hover:grayscale-0 transition-all dark:brightness-200 hover:dark:brightness-100" src="/assets/temp/brands/dask.svg" style="color: transparent;"><img alt="digiturk-neo" draggable="false" loading="lazy" width="96" height="96" decoding="async" data-nimg="1" class="h-32 w-32 p-4 select-none grayscale hover:grayscale-0 transition-all dark:brightness-200 hover:dark:brightness-100" src="/assets/temp/brands/digiturk-neo.svg" style="color: transparent;"><img alt="digiturk" draggable="false" loading="lazy" width="96" height="96" decoding="async" data-nimg="1" class="h-32 w-32 p-4 select-none grayscale hover:grayscale-0 transition-all dark:brightness-200 hover:dark:brightness-100" src="/assets/temp/brands/digiturk.svg" style="color: transparent;"><img alt="dsmart" draggable="false" loading="lazy" width="96" height="96" decoding="async" data-nimg="1" class="h-32 w-32 p-4 select-none grayscale hover:grayscale-0 transition-all dark:brightness-200 hover:dark:brightness-100" src="/assets/temp/brands/dsmart.svg" style="color: transparent;"><img alt="eber-eats" draggable="false" loading="lazy" width="96" height="96" decoding="async" data-nimg="1" class="h-32 w-32 p-4 select-none grayscale hover:grayscale-0 transition-all dark:brightness-200 hover:dark:brightness-100" src="/assets/temp/brands/eber-eats.svg" style="color: transparent;"><img alt="eplanet-internet" draggable="false" loading="lazy" width="96" height="96" decoding="async" data-nimg="1" class="h-32 w-32 p-4 select-none grayscale hover:grayscale-0 transition-all dark:brightness-200 hover:dark:brightness-100" src="/assets/temp/brands/eplanet-internet.svg" style="color: transparent;"><img alt="eurolig" draggable="false" loading="lazy" width="96" height="96" decoding="async" data-nimg="1" class="h-32 w-32 p-4 select-none grayscale hover:grayscale-0 transition-all dark:brightness-200 hover:dark:brightness-100" src="/assets/temp/brands/eurolig.svg" style="color: transparent;"><img alt="extranet" draggable="false" loading="lazy" width="96" height="96" decoding="async" data-nimg="1" class="h-32 w-32 p-4 select-none grayscale hover:grayscale-0 transition-all dark:brightness-200 hover:dark:brightness-100" src="/assets/temp/brands/extranet.svg" style="color: transparent;"><img alt="exxen" draggable="false" loading="lazy" width="96" height="96" decoding="async" data-nimg="1" class="h-32 w-32 p-4 select-none grayscale hover:grayscale-0 transition-all dark:brightness-200 hover:dark:brightness-100" src="/assets/temp/brands/exxen.svg" style="color: transparent;"></div></div></div></div><div class="rfm-marquee-container space-x-16" style="--pause-on-hover: paused; --pause-on-click: paused; --width: 100%; --transform: none;"><div class="rfm-marquee" style="--play: running; --direction: normal; --duration: 67.84s; --delay: 0s; --iteration-count: infinite; --min-width: auto;"><div class="rfm-initial-child-container"><div class="rfm-child" style="--transform: none;"><div class="flex items-center gap-16"><img alt="fastcompany" draggable="false" loading="lazy" width="96" height="96" decoding="async" data-nimg="1" class="h-32 w-32 p-4 select-none grayscale hover:grayscale-0 transition-all dark:brightness-200 hover:dark:brightness-100" src="/assets/temp/brands/fastcompany.svg" style="color: transparent;"><img alt="filmbox" draggable="false" loading="lazy" width="96" height="96" decoding="async" data-nimg="1" class="h-32 w-32 p-4 select-none grayscale hover:grayscale-0 transition-all dark:brightness-200 hover:dark:brightness-100" src="/assets/temp/brands/filmbox.svg" style="color: transparent;"><img alt="fraktal" draggable="false" loading="lazy" width="96" height="96" decoding="async" data-nimg="1" class="h-32 w-32 p-4 select-none grayscale hover:grayscale-0 transition-all dark:brightness-200 hover:dark:brightness-100" src="/assets/temp/brands/fraktal.svg" style="color: transparent;"><img alt="gain" draggable="false" loading="lazy" width="96" height="96" decoding="async" data-nimg="1" class="h-32 w-32 p-4 select-none grayscale hover:grayscale-0 transition-all dark:brightness-200 hover:dark:brightness-100" src="/assets/temp/brands/gain.svg" style="color: transparent;"><img alt="goknet" draggable="false" loading="lazy" width="96" height="96" decoding="async" data-nimg="1" class="h-32 w-32 p-4 select-none grayscale hover:grayscale-0 transition-all dark:brightness-200 hover:dark:brightness-100" src="/assets/temp/brands/goknet.svg" style="color: transparent;"><img alt="igdas" draggable="false" loading="lazy" width="96" height="96" decoding="async" data-nimg="1" class="h-32 w-32 p-4 select-none grayscale hover:grayscale-0 transition-all dark:brightness-200 hover:dark:brightness-100" src="/assets/temp/brands/igdas.svg" style="color: transparent;"><img alt="iski" draggable="false" loading="lazy" width="96" height="96" decoding="async" data-nimg="1" class="h-32 w-32 p-4 select-none grayscale hover:grayscale-0 transition-all dark:brightness-200 hover:dark:brightness-100" src="/assets/temp/brands/iski.svg" style="color: transparent;"><img alt="kale-alarm" draggable="false" loading="lazy" width="96" height="96" decoding="async" data-nimg="1" class="h-32 w-32 p-4 select-none grayscale hover:grayscale-0 transition-all dark:brightness-200 hover:dark:brightness-100" src="/assets/temp/brands/kale-alarm.svg" style="color: transparent;"><img alt="laliga" draggable="false" loading="lazy" width="96" height="96" decoding="async" data-nimg="1" class="h-32 w-32 p-4 select-none grayscale hover:grayscale-0 transition-all dark:brightness-200 hover:dark:brightness-100" src="/assets/temp/brands/laliga.svg" style="color: transparent;"><img alt="magazanolsun" draggable="false" loading="lazy" width="96" height="96" decoding="async" data-nimg="1" class="h-32 w-32 p-4 select-none grayscale hover:grayscale-0 transition-all dark:brightness-200 hover:dark:brightness-100" src="/assets/temp/brands/magazanolsun.svg" style="color: transparent;"><img alt="mahrek" draggable="false" loading="lazy" width="96" height="96" decoding="async" data-nimg="1" class="h-32 w-32 p-4 select-none grayscale hover:grayscale-0 transition-all dark:brightness-200 hover:dark:brightness-100" src="/assets/temp/brands/mahrek.svg" style="color: transparent;"><img alt="mobiliz" draggable="false" loading="lazy" width="96" height="96" decoding="async" data-nimg="1" class="h-32 w-32 p-4 select-none grayscale hover:grayscale-0 transition-all dark:brightness-200 hover:dark:brightness-100" src="/assets/temp/brands/mobiliz.svg" style="color: transparent;"><img alt="netflix" draggable="false" loading="lazy" width="96" height="96" decoding="async" data-nimg="1" class="h-32 w-32 p-4 select-none grayscale hover:grayscale-0 transition-all dark:brightness-200 hover:dark:brightness-100" src="/assets/temp/brands/netflix.svg" style="color: transparent;"><img alt="odeal" draggable="false" loading="lazy" width="96" height="96" decoding="async" data-nimg="1" class="h-32 w-32 p-4 select-none grayscale hover:grayscale-0 transition-all dark:brightness-200 hover:dark:brightness-100" src="/assets/temp/brands/odeal.svg" style="color: transparent;"><img alt="oris-telekom" draggable="false" loading="lazy" width="96" height="96" decoding="async" data-nimg="1" class="h-32 w-32 p-4 select-none grayscale hover:grayscale-0 transition-all dark:brightness-200 hover:dark:brightness-100" src="/assets/temp/brands/oris-telekom.svg" style="color: transparent;"><img alt="peer-bie" draggable="false" loading="lazy" width="96" height="96" decoding="async" data-nimg="1" class="h-32 w-32 p-4 select-none grayscale hover:grayscale-0 transition-all dark:brightness-200 hover:dark:brightness-100" src="/assets/temp/brands/peer-bie.svg" style="color: transparent;"><img alt="premier-leage" draggable="false" loading="lazy" width="96" height="96" decoding="async" data-nimg="1" class="h-32 w-32 p-4 select-none grayscale hover:grayscale-0 transition-all dark:brightness-200 hover:dark:brightness-100" src="/assets/temp/brands/premier-leage.svg" style="color: transparent;"><img alt="pronet" draggable="false" loading="lazy" width="96" height="96" decoding="async" data-nimg="1" class="h-32 w-32 p-4 select-none grayscale hover:grayscale-0 transition-all dark:brightness-200 hover:dark:brightness-100" src="/assets/temp/brands/pronet.svg" style="color: transparent;"></div></div></div></div><div class="rfm-marquee" style="--play: running; --direction: normal; --duration: 67.84s; --delay: 0s; --iteration-count: infinite; --min-width: auto;"><div class="rfm-child" style="--transform: none;"><div class="flex items-center gap-16"><img alt="fastcompany" draggable="false" loading="lazy" width="96" height="96" decoding="async" data-nimg="1" class="h-32 w-32 p-4 select-none grayscale hover:grayscale-0 transition-all dark:brightness-200 hover:dark:brightness-100" src="/assets/temp/brands/fastcompany.svg" style="color: transparent;"><img alt="filmbox" draggable="false" loading="lazy" width="96" height="96" decoding="async" data-nimg="1" class="h-32 w-32 p-4 select-none grayscale hover:grayscale-0 transition-all dark:brightness-200 hover:dark:brightness-100" src="/assets/temp/brands/filmbox.svg" style="color: transparent;"><img alt="fraktal" draggable="false" loading="lazy" width="96" height="96" decoding="async" data-nimg="1" class="h-32 w-32 p-4 select-none grayscale hover:grayscale-0 transition-all dark:brightness-200 hover:dark:brightness-100" src="/assets/temp/brands/fraktal.svg" style="color: transparent;"><img alt="gain" draggable="false" loading="lazy" width="96" height="96" decoding="async" data-nimg="1" class="h-32 w-32 p-4 select-none grayscale hover:grayscale-0 transition-all dark:brightness-200 hover:dark:brightness-100" src="/assets/temp/brands/gain.svg" style="color: transparent;"><img alt="goknet" draggable="false" loading="lazy" width="96" height="96" decoding="async" data-nimg="1" class="h-32 w-32 p-4 select-none grayscale hover:grayscale-0 transition-all dark:brightness-200 hover:dark:brightness-100" src="/assets/temp/brands/goknet.svg" style="color: transparent;"><img alt="igdas" draggable="false" loading="lazy" width="96" height="96" decoding="async" data-nimg="1" class="h-32 w-32 p-4 select-none grayscale hover:grayscale-0 transition-all dark:brightness-200 hover:dark:brightness-100" src="/assets/temp/brands/igdas.svg" style="color: transparent;"><img alt="iski" draggable="false" loading="lazy" width="96" height="96" decoding="async" data-nimg="1" class="h-32 w-32 p-4 select-none grayscale hover:grayscale-0 transition-all dark:brightness-200 hover:dark:brightness-100" src="/assets/temp/brands/iski.svg" style="color: transparent;"><img alt="kale-alarm" draggable="false" loading="lazy" width="96" height="96" decoding="async" data-nimg="1" class="h-32 w-32 p-4 select-none grayscale hover:grayscale-0 transition-all dark:brightness-200 hover:dark:brightness-100" src="/assets/temp/brands/kale-alarm.svg" style="color: transparent;"><img alt="laliga" draggable="false" loading="lazy" width="96" height="96" decoding="async" data-nimg="1" class="h-32 w-32 p-4 select-none grayscale hover:grayscale-0 transition-all dark:brightness-200 hover:dark:brightness-100" src="/assets/temp/brands/laliga.svg" style="color: transparent;"><img alt="magazanolsun" draggable="false" loading="lazy" width="96" height="96" decoding="async" data-nimg="1" class="h-32 w-32 p-4 select-none grayscale hover:grayscale-0 transition-all dark:brightness-200 hover:dark:brightness-100" src="/assets/temp/brands/magazanolsun.svg" style="color: transparent;"><img alt="mahrek" draggable="false" loading="lazy" width="96" height="96" decoding="async" data-nimg="1" class="h-32 w-32 p-4 select-none grayscale hover:grayscale-0 transition-all dark:brightness-200 hover:dark:brightness-100" src="/assets/temp/brands/mahrek.svg" style="color: transparent;"><img alt="mobiliz" draggable="false" loading="lazy" width="96" height="96" decoding="async" data-nimg="1" class="h-32 w-32 p-4 select-none grayscale hover:grayscale-0 transition-all dark:brightness-200 hover:dark:brightness-100" src="/assets/temp/brands/mobiliz.svg" style="color: transparent;"><img alt="netflix" draggable="false" loading="lazy" width="96" height="96" decoding="async" data-nimg="1" class="h-32 w-32 p-4 select-none grayscale hover:grayscale-0 transition-all dark:brightness-200 hover:dark:brightness-100" src="/assets/temp/brands/netflix.svg" style="color: transparent;"><img alt="odeal" draggable="false" loading="lazy" width="96" height="96" decoding="async" data-nimg="1" class="h-32 w-32 p-4 select-none grayscale hover:grayscale-0 transition-all dark:brightness-200 hover:dark:brightness-100" src="/assets/temp/brands/odeal.svg" style="color: transparent;"><img alt="oris-telekom" draggable="false" loading="lazy" width="96" height="96" decoding="async" data-nimg="1" class="h-32 w-32 p-4 select-none grayscale hover:grayscale-0 transition-all dark:brightness-200 hover:dark:brightness-100" src="/assets/temp/brands/oris-telekom.svg" style="color: transparent;"><img alt="peer-bie" draggable="false" loading="lazy" width="96" height="96" decoding="async" data-nimg="1" class="h-32 w-32 p-4 select-none grayscale hover:grayscale-0 transition-all dark:brightness-200 hover:dark:brightness-100" src="/assets/temp/brands/peer-bie.svg" style="color: transparent;"><img alt="premier-leage" draggable="false" loading="lazy" width="96" height="96" decoding="async" data-nimg="1" class="h-32 w-32 p-4 select-none grayscale hover:grayscale-0 transition-all dark:brightness-200 hover:dark:brightness-100" src="/assets/temp/brands/premier-leage.svg" style="color: transparent;"><img alt="pronet" draggable="false" loading="lazy" width="96" height="96" decoding="async" data-nimg="1" class="h-32 w-32 p-4 select-none grayscale hover:grayscale-0 transition-all dark:brightness-200 hover:dark:brightness-100" src="/assets/temp/brands/pronet.svg" style="color: transparent;"></div></div></div></div><div class="rfm-marquee-container space-x-16" style="--pause-on-hover: paused; --pause-on-click: paused; --width: 100%; --transform: none;"><div class="rfm-marquee" style="--play: running; --direction: reverse; --duration: 64s; --delay: 0s; --iteration-count: infinite; --min-width: auto;"><div class="rfm-initial-child-container"><div class="rfm-child" style="--transform: none;"><div class="flex items-center gap-16"><img alt="ready-for-change" draggable="false" loading="lazy" width="96" height="96" decoding="async" data-nimg="1" class="h-32 w-32 p-4 select-none grayscale hover:grayscale-0 transition-all dark:brightness-200 hover:dark:brightness-100" src="/assets/temp/brands/ready-for-change.svg" style="color: transparent;"><img alt="rebee" draggable="false" loading="lazy" width="96" height="96" decoding="async" data-nimg="1" class="h-32 w-32 p-4 select-none grayscale hover:grayscale-0 transition-all dark:brightness-200 hover:dark:brightness-100" src="/assets/temp/brands/rebee.svg" style="color: transparent;"><img alt="secom" draggable="false" loading="lazy" width="96" height="96" decoding="async" data-nimg="1" class="h-32 w-32 p-4 select-none grayscale hover:grayscale-0 transition-all dark:brightness-200 hover:dark:brightness-100" src="/assets/temp/brands/secom.svg" style="color: transparent;"><img alt="serie-a" draggable="false" loading="lazy" width="96" height="96" decoding="async" data-nimg="1" class="h-32 w-32 p-4 select-none grayscale hover:grayscale-0 transition-all dark:brightness-200 hover:dark:brightness-100" src="/assets/temp/brands/serie-a.svg" style="color: transparent;"><img alt="sok-net" draggable="false" loading="lazy" width="96" height="96" decoding="async" data-nimg="1" class="h-32 w-32 p-4 select-none grayscale hover:grayscale-0 transition-all dark:brightness-200 hover:dark:brightness-100" src="/assets/temp/brands/sok-net.svg" style="color: transparent;"><img alt="ssport" draggable="false" loading="lazy" width="96" height="96" decoding="async" data-nimg="1" class="h-32 w-32 p-4 select-none grayscale hover:grayscale-0 transition-all dark:brightness-200 hover:dark:brightness-100" src="/assets/temp/brands/ssport.svg" style="color: transparent;"><img alt="super-lig" draggable="false" loading="lazy" width="96" height="96" decoding="async" data-nimg="1" class="h-32 w-32 p-4 select-none grayscale hover:grayscale-0 transition-all dark:brightness-200 hover:dark:brightness-100" src="/assets/temp/brands/super-lig.svg" style="color: transparent;"><img alt="tivibu" draggable="false" loading="lazy" width="96" height="96" decoding="async" data-nimg="1" class="h-32 w-32 p-4 select-none grayscale hover:grayscale-0 transition-all dark:brightness-200 hover:dark:brightness-100" src="/assets/temp/brands/tivibu.svg" style="color: transparent;"><img alt="tod" draggable="false" loading="lazy" width="96" height="96" decoding="async" data-nimg="1" class="h-32 w-32 p-4 select-none grayscale hover:grayscale-0 transition-all dark:brightness-200 hover:dark:brightness-100" src="/assets/temp/brands/tod.svg" style="color: transparent;"><img alt="trio-mobil" draggable="false" loading="lazy" width="96" height="96" decoding="async" data-nimg="1" class="h-32 w-32 p-4 select-none grayscale hover:grayscale-0 transition-all dark:brightness-200 hover:dark:brightness-100" src="/assets/temp/brands/trio-mobil.svg" style="color: transparent;"><img alt="turk-telekom" draggable="false" loading="lazy" width="96" height="96" decoding="async" data-nimg="1" class="h-32 w-32 p-4 select-none grayscale hover:grayscale-0 transition-all dark:brightness-200 hover:dark:brightness-100" src="/assets/temp/brands/turk-telekom.svg" style="color: transparent;"><img alt="turkcell-superonline" draggable="false" loading="lazy" width="96" height="96" decoding="async" data-nimg="1" class="h-32 w-32 p-4 select-none grayscale hover:grayscale-0 transition-all dark:brightness-200 hover:dark:brightness-100" src="/assets/temp/brands/turkcell-superonline.svg" style="color: transparent;"><img alt="turkcell" draggable="false" loading="lazy" width="96" height="96" decoding="async" data-nimg="1" class="h-32 w-32 p-4 select-none grayscale hover:grayscale-0 transition-all dark:brightness-200 hover:dark:brightness-100" src="/assets/temp/brands/turkcell.svg" style="color: transparent;"><img alt="turkkep" draggable="false" loading="lazy" width="96" height="96" decoding="async" data-nimg="1" class="h-32 w-32 p-4 select-none grayscale hover:grayscale-0 transition-all dark:brightness-200 hover:dark:brightness-100" src="/assets/temp/brands/turkkep.svg" style="color: transparent;"><img alt="turknet" draggable="false" loading="lazy" width="96" height="96" decoding="async" data-nimg="1" class="h-32 w-32 p-4 select-none grayscale hover:grayscale-0 transition-all dark:brightness-200 hover:dark:brightness-100" src="/assets/temp/brands/turknet.svg" style="color: transparent;"><img alt="turksat-kablo" draggable="false" loading="lazy" width="96" height="96" decoding="async" data-nimg="1" class="h-32 w-32 p-4 select-none grayscale hover:grayscale-0 transition-all dark:brightness-200 hover:dark:brightness-100" src="/assets/temp/brands/turksat-kablo.svg" style="color: transparent;"><img alt="vodafone" draggable="false" loading="lazy" width="96" height="96" decoding="async" data-nimg="1" class="h-32 w-32 p-4 select-none grayscale hover:grayscale-0 transition-all dark:brightness-200 hover:dark:brightness-100" src="/assets/temp/brands/vodafone.svg" style="color: transparent;"></div></div></div></div><div class="rfm-marquee" style="--play: running; --direction: reverse; --duration: 64s; --delay: 0s; --iteration-count: infinite; --min-width: auto;"><div class="rfm-child" style="--transform: none;"><div class="flex items-center gap-16"><img alt="ready-for-change" draggable="false" loading="lazy" width="96" height="96" decoding="async" data-nimg="1" class="h-32 w-32 p-4 select-none grayscale hover:grayscale-0 transition-all dark:brightness-200 hover:dark:brightness-100" src="/assets/temp/brands/ready-for-change.svg" style="color: transparent;"><img alt="rebee" draggable="false" loading="lazy" width="96" height="96" decoding="async" data-nimg="1" class="h-32 w-32 p-4 select-none grayscale hover:grayscale-0 transition-all dark:brightness-200 hover:dark:brightness-100" src="/assets/temp/brands/rebee.svg" style="color: transparent;"><img alt="secom" draggable="false" loading="lazy" width="96" height="96" decoding="async" data-nimg="1" class="h-32 w-32 p-4 select-none grayscale hover:grayscale-0 transition-all dark:brightness-200 hover:dark:brightness-100" src="/assets/temp/brands/secom.svg" style="color: transparent;"><img alt="serie-a" draggable="false" loading="lazy" width="96" height="96" decoding="async" data-nimg="1" class="h-32 w-32 p-4 select-none grayscale hover:grayscale-0 transition-all dark:brightness-200 hover:dark:brightness-100" src="/assets/temp/brands/serie-a.svg" style="color: transparent;"><img alt="sok-net" draggable="false" loading="lazy" width="96" height="96" decoding="async" data-nimg="1" class="h-32 w-32 p-4 select-none grayscale hover:grayscale-0 transition-all dark:brightness-200 hover:dark:brightness-100" src="/assets/temp/brands/sok-net.svg" style="color: transparent;"><i
[...]
ipt><script>self.__next_f.push([1,"2a:I[7348,[\"7970\",\"static/chunks/7970-880924e10cedcf92.js\",\"8173\",\"static/chunks/8173-ee883f8ef8b5dd9b.js\",\"1350\",\"static/chunks/1350-345b346cf83b2a32.js\",\"5\",\"static/chunks/5-e7234351b146a527.js\",\"5045\",\"static/chunks/5045-eb403e609e7dc774.js\",\"3948\",\"static/chunks/app/%5Blocale%5D/(allOther)/page-a0c3bd68e4cfdf09.js\"],\"default\"]\n"])</script><script>self.__next_f.push([1,"22:[\"$\",\"div\",null,{\"className\":\"my-16 grid grid-cols-1 lg:grid-cols-2 gap-8 mx-auto animate-fade-in p-4 max-w-screen-xl\",\"ref\":\"$undefined\",\"children\":[[\"$\",\"$L2a\",null,{\"locale\":\"tr\",\"cards\":[{\"cover\":\"https://cms.abonesepeti.com/storage/presses/December2024/dX4MvBRKOoG1JO0Zu7jg.png\",\"slug\":\"fintek-pazarinda-global-bir-oyuncu-olmayi-hedefliyoruz\",\"title\":\"Fintek pazarında global bir oyuncu olmayı hedefliyoruz\",\"spot\":\"Tüm aboneliklerinizi kolayca yönetin, avantajlı fırsatlardan yararlanın ve zaman kazanın!\"},{\"cover\":\"https://cms.abonesepeti.com/storage/presses/December2024/BilQVfGXmTbB77UWDN1u.png\",\"slug\":\"mukemmeliyeti-hedefliyoruz\",\"title\":\"Mükemmeliyeti Hedefliyoruz\",\"spot\":\"240 bini aşkın kullanıcıyla müşteri memnuniyetini ve sadakatini önceliklendiriyoruz!\"},{\"cover\":\"https://cms.abonesepeti.com/storage/presses/December2024/FyBxhB77KeI62XdRLbNB.png\",\"slug\":\"abonesepeti-kadinin-katilimci-rolunu-destekliyor\",\"title\":\"Abonesepeti Kadının Katılımcı Rolünü Destekliyor\",\"spot\":\"Kadın istihdamını artırıyor, eşitlikçi bir iş ortamıyla inovasyonu ve yaratıcılığı teşvik ediyoruz.\"},{\"cover\":\"https://cms.abonesepeti.com/storage/presses/December2024/KRpwfRqJIahO5YLxr6So.png\",\"slug\":\"pusula-dergisi\",\"title\":\"Pusula Dergisi\",\"spot\":\"Aboneliklerinizi tek bir platformda yönetin, zamandan tasarruf edin ve hayatınızı kolaylaştırın!\"}],\"pathname\":\"/we-in-press\",\"title\":\"Basında Biz\"}],[\"$\",\"$L2a\",null,{\"cards\":[{\"slug\":\"internet-altyapinizi-kontrol-ettiniz-mi-hizli-baglantinin-anahtari-burada\",\"title\":\"İnternet Altyapınızı Kontrol Ettiniz mi? Hızlı Bağlantının Anahtarı Burada!\",\"created\":\"2025-01-09T14:16:26\",\"cover\":\"https://cms.abonesepeti.com/storage/blogs/January2025/OZOQGhtgVHFakL8m7qdt.png\",\"categories\":[{\"badge\":[{\"title\":\"İnternet\",\"slug\":\"internet\"}]}],\"keywords\":\"internet altyapı sorgulama, internet altyapısı, fiber altyapı sorgulama, internet hızı kontrol, internet sağlayıcı seçimi, ADSL, VDSL, fiber internet\",\"spot\":\"Günümüzde hızlı ve kesintisiz bir internet bağlantısı, hem bireysel kullanıcılar hem de işletmeler için büyük bir gereklilik haline geldi. Ancak, bulunduğunuz bölgedeki internet hızını ve altyapısını bilmeden bir internet aboneliği seçmek, beklenmedik hız sorunlarıyla karşılaşmanıza neden olabilir. İşte tam da bu noktada altyapı sorgulaması devreye giriyor.\"},{\"slug\":\"digiturk-fiber-internet-ile-hizli-ve-sinirsiz-eglencenin-keyfini-cikarin\",\"title\":\"Digiturk Fiber İnternet ile Hızlı ve Sınırsız Eğlencenin Keyfini Çıkarın!\",\"created\":\"2024-12-20T11:42:25\",\"cover\":\"https://cms.abonesepeti.com/storage/blogs/December2024/XdvqAHyFkjESA3J5OWRb.png\",\"categories\":[{\"badge\":[{\"title\":\"Bilgi\",\"slug\":\"bilgi\"}]}],\"keywords\":\"Digiturk Fiber İnternet, sınırsız internet, Premier Lig, Formula 1, Abonesepeti, internet paketi, cayma bedeli, Dizi ve Film kanalları, Digiturk fırsatları, internet avantajları.\",\"spot\":\"35 MBPS sınırsız internet, Premier Lig ve Formula 1 maçları, dizi \u0026 film kanalları, cayma bedeli desteği ve daha fazlası Abonesepeti’nde sizi bekliyor! Şimdi başvurun, eğlenceyi hızla yakalayın!\"},{\"slug\":\"obilet-kullanicilarina-ozel-abonesepeti-nde-seyahat-avantajlari\",\"title\":\"Obilet Kullanıcılarına Özel Abonesepeti'nde Seyahat Avantajları!\",\"created\":\"2024-12-17T16:17:26\",\"cover\":\"https://cms.abonesepeti.com/storage/blogs/December2024/u7Rr5VzrecdeINhIFIOX.jpg\",\"categories\":[{\"badge\":[{\"title\":\"Bilgi\",\"slug\":\"bilgi\"}]}],\"keywords\":\"Obilet indirimleri, Abonesepeti seyahat fırsatları, otel rezervasyonu indirimi, araç kiralama indirimi, uçak bileti indirim kodu, seyahat tasarrufları, Abonesepeti promosyon kodu, avantajlı seyahat\",\"spot\":\"Seyahat Planlarınızı Hafifletin! Obilet kullanıcılarına özel Abonesepeti indirimleriyle otel, araç kiralama ve uçak biletlerinde tasarruf edin. Tatilinizi keyifli, bütçenizi rahat hale getirin!\\\"*\"},{\"slug\":\"abonesepeti-ile-aboneliklerinizi-kolayca-yonetin\",\"title\":\"Abonesepeti ile Aboneliklerinizi Kolayca Yönetin!\",\"created\":\"2024-12-17T14:18:49\",\"cover\":\"https://cms.abonesepeti.com/storage/blogs/December2024/r1W3TC45gv3rpTSuP8GE.jpeg\",\"categories\":[{\"badge\":[{\"title\":\"Bilgi\",\"slug\":\"bilgi\"}]}],\"keywords\":\"Abonesepeti, abonelik yönetimi, dijital abonelikler, ödeme hatırlatıcıları, abonelik takibi, abonelik iptali, avantajlı paketler, ödeme yönetimi\",\"spot\":\"Aboneliklerinizi kolayca yönetin, gereksiz masraflardan kurtulun! Abonesepeti ile tüm üyeliklerinizi tek bir çatı altında toplayarak zamandan ve paradan tasarruf edin. Dijital dünyada kontrol sizde!\"}],\"locale\":\"tr\",\"pathname\":\"/blog\",\"title\":\"En Son Bloglar\"}]]}]\n"])</script><script id="schema-org" type="application/ld+json" data-nscript="afterInteractive">{"@context":"https://schema.org","@type":"Organization","address":{"@type":"PostalAddress","streetAddress":"Oruç Reis Mah Koza Plaza B Blok Kat : 13, Tekstilkent Cd, 34218 Esenler/İstanbul","addressLocality":"Istanbul","postalCode":"34218","addressCountry":"Turkey"},"@id":"https://abonesepeti.com","areaServed":"TR","contactPoint":{"@type":"ContactPoint","email":"info@abonesepeti.com","telephone":"+90-0212-809-00-00"},"telephone":"+90-0212-809-00-00","email":"info@abonesepeti.com","brand":"AboneSepeti","logo":"https://abonesepeti.com/android-chrome-512x512.png","name":"AboneSepeti","sameAs":["https://www.youtube.com/abonesepeti","https://www.linkedin.com/company/abonesepeti/about/","https://www.facebook.com/abonesepeti/","https://twitter.com/abonesepeti","https://www.instagram.com/abonesepeti"],"founder":[{"@context":"https://schema.org","@type":"Person","givenName":"Deniz","familyName":"Okumuş","name":"Deniz Okumuş","gender":"Male","jobTitle":"CEO","email":"do@abonesepeti.com","telephone":"+90-532-280-19-78","url":"https://denizokumus.com"},{"@context":"https://schema.org","@type":"Person","givenName":"Müjgan","familyName":"Aydin","name":"Müjgan Aydin","gender":"Female","jobTitle":"CMO","email":"mujgan@abonesepeti.com","telephone":"+90-542-520-85-42","url":"https://taplink.cc/mujgangil"}],"image":"https://abonesepeti.com/android-chrome-512x512.png","slogan":"Paradan ve zamandan tasarruf edin.","description":"Abonesepeti, abonelik hizmetlerini tek bir platformda toplar size zaman ve para kazandırır.","keywords":"abonelik, hizmet, para, tasarruf, internet, su, telefon, elektrik, doğalgaz, fatura, ödeme","url":"https://abonesepeti.com","legalName":"AboneSepeti","knowsAbout":["Abonelik Yönetimi","Fatura Ödeme","Cebe Tl Yükleme","Abonelik Başlatma","Abonelik Karşılaştırma","Abonelik Kampanyaları"],"knowsLanguage":["TR","EN"],"location":{"@type":"Place","name":"AboneSepeti","address":"Oruç Reis Mah Koza Plaza B Blok Kat : 13, Tekstilkent Cd, 34218 Esenler/İstanbul","geo":{"@type":"GeoCoordinates","latitude":"41.0642","longitude":"28.8574"}}}</script><next-route-announcer style="position: absolute;"></next-route-announcer></body></html>

Tüm elementler ve özellikleri:
Element:
- Text: Özellikler
- Tag: span
- Href: null
- Onclick: null
- Classes: md:h-20 whitespace-nowrap flex items-center justify-between cursor-pointer hover:text-primary-500 max-md:px-8 p-3 gap-1 md:justify-center

Element:
- Text: Özellikler
- Tag: span
- Href: null
- Onclick: null
- Classes: rounded-full transition-all ease-out font-medium

Element:
- Text: Çözümler
- Tag: span
- Href: null
- Onclick: null
- Classes: md:h-20 whitespace-nowrap flex items-center justify-between cursor-pointer hover:text-primary-500 max-md:px-8 p-3 gap-1 md:justify-center

Element:
- Text: Çözümler
- Tag: span
- Href: null
- Onclick: null
- Classes: rounded-full transition-all ease-out font-medium

Element:
- Text: Kampanyalar
- Tag: a
- Href: https://abonesepeti.com/tr/kampanyalar
- Onclick: null
- Classes: md:h-20 grid md:place-items-center whitespace-nowrap

Element:
- Text: Biz Kimiz
- Tag: a
- Href: https://abonesepeti.com/tr/biz-kimiz
- Onclick: null
- Classes: md:h-20 grid md:place-items-center whitespace-nowrap

Element:
- Text: Uygulamaya Git
- Tag: a
- Href: https://app.abonesepeti.com/
- Onclick: null
- Classes: whitespace-nowrap p-2 md:px-6 bg-primary-500 text-white rounded-full shadow-inset drop-shadow-md max-md:mx-2

Element:
- Text: Uygulamaya Git
- Tag: span
- Href: null
- Onclick: null
- Classes: max-md:hidden

Element:
- Text: Aboneliklerinizi
- Tag: span
- Href: null
- Onclick: null
- Classes: 

Element:
- Text: Hemen Ücretsiz İndir
- Tag: a
- Href: https://abonesepeti.com/tr/yukle
- Onclick: null
- Classes: bg-primary-500 text-white px-4 py-3 rounded-xl block w-60 text-center shadow-inner shadow-primary-600 drop-shadow-lg hover:scale-105 transition-all ease-out

Element:
- Text: Android
- Tag: a
- Href: https://abonesepeti.com/download
- Onclick: null
- Classes: text-lg whitespace-nowrap

Element:
- Text: iOS
- Tag: a
- Href: https://abonesepeti.com/download
- Onclick: null
- Classes: text-lg whitespace-nowrap

Element:
- Text: Huawei
- Tag: a
- Href: https://abonesepeti.com/download
- Onclick: null
- Classes: text-lg whitespace-nowrap

Element:
- Text: Windows
- Tag: a
- Href: https://abonesepeti.com/download
- Onclick: null
- Classes: text-lg whitespace-nowrap

Element:
- Text: Mac OS
- Tag: a
- Href: https://abonesepeti.com/download
- Onclick: null
- Classes: text-lg whitespace-nowrap

Element:
- Text: Linux
- Tag: a
- Href: https://abonesepeti.com/download
- Onclick: null
- Classes: text-lg whitespace-nowrap

Element:
- Text: BSD
- Tag: a
- Href: https://abonesepeti.com/download
- Onclick: null
- Classes: text-lg whitespace-nowrap

Element:
- Text: Abonesepeti Kadının Katılımcı Rolünü Destekliyor
Kadın istihdamını artırıyor, eşitlikçi bir iş ortamıyla inovasyonu ve yaratıcılığı teşvik ediyoruz.
- Tag: a
- Href: https://abonesepeti.com/tr/we-in-press/abonesepeti-kadinin-katilimci-rolunu-destekliyor
- Onclick: null
- Classes: flex gap-4 max-xs:flex-col bg-stone-100 dark:bg-stone-800 p-4 rounded-lg

Element:
- Text: Obilet Kullanıcılarına Özel Abonesepeti'nde Seyahat Avantajları!
Seyahat Planlarınızı Hafifletin! Obilet kullanıcılarına özel Abonesepeti indirimleriyle otel, araç kiralama ve uçak biletlerinde tasarruf edin. Tatilinizi keyifli, bütçenizi rahat hale getirin!"*
- Tag: a
- Href: https://abonesepeti.com/tr/blog/obilet-kullanicilarina-ozel-abonesepeti-nde-seyahat-avantajlari
- Onclick: null
- Classes: flex gap-4 max-xs:flex-col bg-stone-100 dark:bg-stone-800 p-4 rounded-lg

Element:
- Text: Biz Kimiz
- Tag: a
- Href: https://abonesepeti.com/tr/biz-kimiz
- Onclick: null
- Classes: hover:underline hover:underline-offset-4 py-1 transition-all underline-offset-8 decoration-transparent hover:decoration-current

Element:
- Text: Basında Biz
- Tag: a
- Href: https://abonesepeti.com/tr/basinda-biz
- Onclick: null
- Classes: hover:underline hover:underline-offset-4 py-1 transition-all underline-offset-8 decoration-transparent hover:decoration-current

Element:
- Text: Avantajlar
- Tag: a
- Href: https://abonesepeti.com/tr/avantajlar
- Onclick: null
- Classes: hover:underline hover:underline-offset-4 py-1 transition-all underline-offset-8 decoration-transparent hover:decoration-current

Element:
- Text: Kariyer
- Tag: a
- Href: https://abonesepeti.com/tr/kariyer
- Onclick: null
- Classes: hover:underline hover:underline-offset-4 py-1 transition-all underline-offset-8 decoration-transparent hover:decoration-current

Element:
- Text: Affiliate
- Tag: a
- Href: https://abonesepeti.com/tr/ortaklik
- Onclick: null
- Classes: hover:underline hover:underline-offset-4 py-1 transition-all underline-offset-8 decoration-transparent hover:decoration-current

Element:
- Text: İş Ortaklığı
- Tag: a
- Href: https://abonesepeti.com/tr/is-ortakligi
- Onclick: null
- Classes: hover:underline hover:underline-offset-4 py-1 transition-all underline-offset-8 decoration-transparent hover:decoration-current

Element:
- Text: S.S.S
- Tag: a
- Href: https://abonesepeti.com/tr/sss
- Onclick: null
- Classes: hover:underline hover:underline-offset-4 py-1 transition-all underline-offset-8 decoration-transparent hover:decoration-current

Element:
- Text: İletişim
- Tag: a
- Href: https://abonesepeti.com/tr/iletisim
- Onclick: null
- Classes: hover:underline hover:underline-offset-4 py-1 transition-all underline-offset-8 decoration-transparent hover:decoration-current

Element:
- Text: Sözleşmeler
- Tag: a
- Href: https://abonesepeti.com/tr/sozlesmeler
- Onclick: null
- Classes: hover:underline hover:underline-offset-4 py-1 transition-all underline-offset-8 decoration-transparent hover:decoration-current

Element:
- Text: Yönet
- Tag: a
- Href: https://app.abonesepeti.com/login?redirect=/subscriptions
- Onclick: null
- Classes: hover:underline hover:underline-offset-4 py-1 transition-all underline-offset-8 decoration-transparent hover:decoration-current

Element:
- Text: Karşılaştır
- Tag: a
- Href: https://app.abonesepeti.com/login?redirect=/comparison/institution
- Onclick: null
- Classes: hover:underline hover:underline-offset-4 py-1 transition-all underline-offset-8 decoration-transparent hover:decoration-current

Element:
- Text: Fatura Öde
- Tag: a
- Href: https://app.abonesepeti.com/login?redirect=/bills
- Onclick: null
- Classes: hover:underline hover:underline-offset-4 py-1 transition-all underline-offset-8 decoration-transparent hover:decoration-current

Element:
- Text: Sigorta Teklifi Al
- Tag: a
- Href: https://app.abonesepeti.com/login?redirect=/insurance
- Onclick: null
- Classes: hover:underline hover:underline-offset-4 py-1 transition-all underline-offset-8 decoration-transparent hover:decoration-current

Element:
- Text: Kontör Yükle
- Tag: a
- Href: https://app.abonesepeti.com/login?redirect=/load-money
- Onclick: null
- Classes: hover:underline hover:underline-offset-4 py-1 transition-all underline-offset-8 decoration-transparent hover:decoration-current

Element:
- Text: Araç Kirala
- Tag: a
- Href: https://app.abonesepeti.com/login?redirect=/try-on-app
- Onclick: null
- Classes: hover:underline hover:underline-offset-4 py-1 transition-all underline-offset-8 decoration-transparent hover:decoration-current

Element:
- Text: Kolay İptal
- Tag: a
- Href: https://app.abonesepeti.com/login?redirect=/easy-cancellation
- Onclick: null
- Classes: hover:underline hover:underline-offset-4 py-1 transition-all underline-offset-8 decoration-transparent hover:decoration-current

Element:
- Text: Dergi Abonesi Ol
- Tag: a
- Href: https://444dergi.com/
- Onclick: null
- Classes: hover:underline hover:underline-offset-4 py-1 transition-all underline-offset-8 decoration-transparent hover:decoration-current

Element:
- Text: Adınıza Kayıtlı Abonelikler
- Tag: a
- Href: https://www.turkiye.gov.tr/btk-mobil-sabit-internet-kablo-tv-uydu-isletmecilerinden-borc-ve-alacak-sorgulama
- Onclick: null
- Classes: hover:underline hover:underline-offset-4 py-1 transition-all underline-offset-8 decoration-transparent hover:decoration-current

Element:
- Text: Altyapı Sorgulama
- Tag: a
- Href: https://abonesepeti.com/tr/altyapi-sorgulama
- Onclick: null
- Classes: hover:underline hover:underline-offset-4 py-1 transition-all underline-offset-8 decoration-transparent hover:decoration-current

Element:
- Text: İnternet Hız Testi
- Tag: a
- Href: https://abonesepeti.com/hiz-testi
- Onclick: null
- Classes: hover:underline hover:underline-offset-4 py-1 transition-all underline-offset-8 decoration-transparent hover:decoration-current

Element:
- Text: IP Adresim Nedir?
- Tag: a
- Href: https://abonesepeti.com/tr/ip-adresim
- Onclick: null
- Classes: hover:underline hover:underline-offset-4 py-1 transition-all underline-offset-8 decoration-transparent hover:decoration-current

Element:
- Text: Kayıt Ol
- Tag: button
- Href: null
- Onclick: null
- Classes: px-10 py-3 -mx-px bg-primary-500 text-white rounded-full

Element:
- Text: Kvkk Aydınlatma Metni
- Tag: a
- Href: https://abonesepeti.com/tr/pages/kvkk-aydinlatma-metni
- Onclick: null
- Classes: hover:underline underline-offset-4

Element:
- Text: Kullanıcı Sözleşmesi
- Tag: a
- Href: https://abonesepeti.com/tr/pages/kullanici-sozlesmesi
- Onclick: null
- Classes: hover:underline underline-offset-4

Element:
- Text: Gizlilik Politikası
- Tag: a
- Href: https://abonesepeti.com/tr/pages/gizlilik-politikasi
- Onclick: null
- Classes: hover:underline underline-offset-4

  &amp#27;[32mVe &amp#27;[0m&amp#27;[32mkullanÄ±cÄ± Ã–zellikler butonuna tÄ±klar&amp#27;[0m          &amp#27;[90m# com.aboneSepeti.stepDefinitions.HeaderButonlariSteps.kullaniciOzelliklerButonunaTiklar()&amp#27;[0m
  &amp#27;[31mO zaman &amp#27;[0m&amp#27;[31mÃ–zellikler sayfasÄ±nÄ±n aÃ§Ä±ldÄ±ÄŸÄ±nÄ± doÄŸrula&amp#27;[0m &amp#27;[90m# com.aboneSepeti.stepDefinitions.HeaderButonlariSteps.ozelliklerSayfasininAcildiginiDogrula()&amp#27;[0m
      &amp#27;[31mjava.lang.AssertionError: URL Ã¶zellikler iÃ§ermiyor: https://abonesepeti.com/tr
	at org.junit.Assert.fail(Assert.java:89)
	at org.junit.Assert.assertTrue(Assert.java:42)
	at com.aboneSepeti.stepDefinitions.HeaderButonlariSteps.ozelliklerSayfasininAcildiginiDogrula(HeaderButonlariSteps.java:140)
	at âœ½.Ã–zellikler sayfasÄ±nÄ±n aÃ§Ä±ldÄ±ÄŸÄ±nÄ± doÄŸrula(file:///C:/Users/Azim%20Kaya/Desktop/Abone%20Sepeti/src/test/resources/features/headerButonlari.feature:8)
&amp#27;[0m
  &amp#27;[36mVe &amp#27;[0m&amp#27;[36mkullanÄ±cÄ± Ã‡Ã¶zÃ¼mler butonuna tÄ±klar&amp#27;[0m            &amp#27;[90m# com.aboneSepeti.stepDefinitions.HeaderButonlariSteps.kullaniciCozumlerButonunaTiklar()&amp#27;[0m
  &amp#27;[36mO zaman &amp#27;[0m&amp#27;[36mÃ‡Ã¶zÃ¼mler sayfasÄ±nÄ±n aÃ§Ä±ldÄ±ÄŸÄ±nÄ± doÄŸrula&amp#27;[0m   &amp#27;[90m# com.aboneSepeti.stepDefinitions.HeaderButonlariSteps.cozumlerSayfasininAcildiginiDogrula()&amp#27;[0m
  &amp#27;[36mVe &amp#27;[0m&amp#27;[36mkullanÄ±cÄ± Blog butonuna tÄ±klar&amp#27;[0m                &amp#27;[90m# com.aboneSepeti.stepDefinitions.HeaderButonlariSteps.kullaniciBlogButonunaTiklar()&amp#27;[0m
  &amp#27;[36mO zaman &amp#27;[0m&amp#27;[36mBlog sayfasÄ±nÄ±n aÃ§Ä±ldÄ±ÄŸÄ±nÄ± doÄŸrula&amp#27;[0m       &amp#27;[90m# com.aboneSepeti.stepDefinitions.HeaderButonlariSteps.blogSayfasininAcildiginiDogrula()&amp#27;[0m
  &amp#27;[36mVe &amp#27;[0m&amp#27;[36mkullanÄ±cÄ± Biz Kimiz butonuna tÄ±klar&amp#27;[0m           &amp#27;[90m# com.aboneSepeti.stepDefinitions.HeaderButonlariSteps.kullaniciBizKimizButonunaTiklar()&amp#27;[0m
  &amp#27;[36mO zaman &amp#27;[0m&amp#27;[36mBiz Kimiz sayfasÄ±nÄ±n aÃ§Ä±ldÄ±ÄŸÄ±nÄ± doÄŸrula&amp#27;[0m  &amp#27;[90m# com.aboneSepeti.stepDefinitions.HeaderButonlariSteps.bizKimizSayfasininAcildiginiDogrula()&amp#27;[0m
  &amp#27;[36mO zaman &amp#27;[0m&amp#27;[36mtarayÄ±cÄ±yÄ± kapat&amp#27;[0m                         &amp#27;[90m# com.aboneSepeti.stepDefinitions.FaturaTakibiSteps.tarayiciyiKapat()&amp#27;[0m
]]></system-out>
    <system-err><![CDATA[Oca 27, 2025 7:09:51 ÖS org.openqa.selenium.devtools.CdpVersionFinder findNearestMatch
WARNING: Unable to find CDP implementation matching 132
Oca 27, 2025 7:09:51 ÖS org.openqa.selenium.chromium.ChromiumDriver lambda$new$5
WARNING: Unable to find version of CDP to use for 132.0.6834.84. You may need to include a dependency on a specific version of the CDP using something similar to `org.seleniumhq.selenium:selenium-devtools-v86:4.16.1` where the version ("v86") matches the version of the chromium-based browser you're using and the version number of the artifact is the same as Selenium's.
]]></system-err>
  </testcase>
</testsuite>